<?xml version="1.0" encoding="UTF-8"?>
<coverage generated="1778692712674" clover="3.2.0">
  <project timestamp="1778692712674" name="All files">
    <metrics statements="1071" coveredstatements="1008" conditionals="653" coveredconditionals="560" methods="270" coveredmethods="243" elements="1994" coveredelements="1811" complexity="0" loc="1071" ncloc="1071" packages="5" files="30" classes="30"/>
    <package name="src">
      <metrics statements="110" coveredstatements="109" conditionals="54" coveredconditionals="52" methods="33" coveredmethods="31"/>
      <file name="codeLensProvider.ts" path="/Users/lakphy/projects/vibe-documents/src/codeLensProvider.ts">
        <metrics statements="5" coveredstatements="5" conditionals="1" coveredconditionals="1" methods="2" coveredmethods="2"/>
        <line num="6" count="2" type="stmt"/>
        <line num="22" count="41" type="cond" truecount="1" falsecount="0"/>
        <line num="25" count="11" type="stmt"/>
        <line num="26" count="11" type="stmt"/>
        <line num="27" count="11" type="stmt"/>
      </file>
      <file name="customTextEditorProvider.ts" path="/Users/lakphy/projects/vibe-documents/src/customTextEditorProvider.ts">
        <metrics statements="49" coveredstatements="49" conditionals="27" coveredconditionals="27" methods="13" coveredmethods="12"/>
        <line num="7" count="27" type="stmt"/>
        <line num="9" count="27" type="stmt"/>
        <line num="12" count="4" type="stmt"/>
        <line num="13" count="2" type="cond" truecount="2" falsecount="0"/>
        <line num="14" count="1" type="stmt"/>
        <line num="15" count="1" type="stmt"/>
        <line num="25" count="16" type="stmt"/>
        <line num="26" count="16" type="stmt"/>
        <line num="28" count="16" type="stmt"/>
        <line num="30" count="16" type="stmt"/>
        <line num="31" count="16" type="stmt"/>
        <line num="33" count="16" type="stmt"/>
        <line num="35" count="16" type="cond" truecount="1" falsecount="0"/>
        <line num="36" count="7" type="stmt"/>
        <line num="37" count="7" type="cond" truecount="4" falsecount="0"/>
        <line num="39" count="6" type="stmt"/>
        <line num="40" count="6" type="stmt"/>
        <line num="48" count="16" type="stmt"/>
        <line num="49" count="6" type="stmt"/>
        <line num="50" count="6" type="stmt"/>
        <line num="51" count="6" type="stmt"/>
        <line num="54" count="16" type="stmt"/>
        <line num="55" count="4" type="stmt"/>
        <line num="56" count="4" type="cond" truecount="2" falsecount="0"/>
        <line num="57" count="2" type="stmt"/>
        <line num="59" count="4" type="stmt"/>
        <line num="62" count="16" type="stmt"/>
        <line num="63" count="4" type="cond" truecount="2" falsecount="0"/>
        <line num="67" count="4" type="cond" truecount="2" falsecount="0"/>
        <line num="68" count="1" type="stmt"/>
        <line num="69" count="1" type="stmt"/>
        <line num="72" count="3" type="stmt"/>
        <line num="73" count="3" type="cond" truecount="2" falsecount="0"/>
        <line num="74" count="1" type="stmt"/>
        <line num="78" count="16" type="stmt"/>
        <line num="79" count="4" type="cond" truecount="2" falsecount="0"/>
        <line num="80" count="3" type="stmt"/>
        <line num="84" count="16" type="stmt"/>
        <line num="85" count="11" type="cond" truecount="2" falsecount="0"/>
        <line num="86" count="4" type="stmt"/>
        <line num="87" count="7" type="cond" truecount="4" falsecount="0"/>
        <line num="88" count="2" type="stmt"/>
        <line num="89" count="5" type="cond" truecount="2" falsecount="0"/>
        <line num="90" count="4" type="cond" truecount="2" falsecount="0"/>
        <line num="92" count="5" type="stmt"/>
        <line num="95" count="16" type="stmt"/>
        <line num="96" count="1" type="stmt"/>
        <line num="97" count="1" type="stmt"/>
        <line num="98" count="1" type="stmt"/>
      </file>
      <file name="editorTypes.ts" path="/Users/lakphy/projects/vibe-documents/src/editorTypes.ts">
        <metrics statements="6" coveredstatements="6" conditionals="4" coveredconditionals="4" methods="2" coveredmethods="2"/>
        <line num="5" count="4" type="stmt"/>
        <line num="12" count="30" type="stmt"/>
        <line num="13" count="30" type="cond" truecount="2" falsecount="0"/>
        <line num="14" count="24" type="cond" truecount="2" falsecount="0"/>
        <line num="15" count="20" type="stmt"/>
        <line num="19" count="8" type="stmt"/>
      </file>
      <file name="extension.ts" path="/Users/lakphy/projects/vibe-documents/src/extension.ts">
        <metrics statements="11" coveredstatements="10" conditionals="4" coveredconditionals="4" methods="8" coveredmethods="7"/>
        <line num="7" count="10" type="stmt"/>
        <line num="9" count="10" type="stmt"/>
        <line num="10" count="6" type="cond" truecount="2" falsecount="0"/>
        <line num="11" count="6" type="cond" truecount="2" falsecount="0"/>
        <line num="13" count="5" type="stmt"/>
        <line num="21" count="10" type="stmt"/>
        <line num="50" count="3" type="stmt"/>
        <line num="53" count="1" type="stmt"/>
        <line num="56" count="1" type="stmt"/>
        <line num="59" count="1" type="stmt"/>
        <line num="62" count="0" type="stmt"/>
      </file>
      <file name="textDocumentEdits.ts" path="/Users/lakphy/projects/vibe-documents/src/textDocumentEdits.ts">
        <metrics statements="20" coveredstatements="20" conditionals="8" coveredconditionals="6" methods="2" coveredmethods="2"/>
        <line num="10" count="8" type="stmt"/>
        <line num="11" count="8" type="stmt"/>
        <line num="12" count="8" type="stmt"/>
        <line num="13" count="8" type="stmt"/>
        <line num="15" count="8" type="stmt"/>
        <line num="16" count="43" type="cond" truecount="2" falsecount="0"/>
        <line num="17" count="20" type="stmt"/>
        <line num="18" count="23" type="cond" truecount="2" falsecount="0"/>
        <line num="19" count="15" type="stmt"/>
        <line num="20" count="15" type="stmt"/>
        <line num="21" count="15" type="stmt"/>
        <line num="22" count="15" type="stmt"/>
        <line num="23" count="15" type="stmt"/>
        <line num="24" count="8" type="cond" truecount="1" falsecount="1"/>
        <line num="25" count="8" type="stmt"/>
        <line num="26" count="8" type="stmt"/>
        <line num="30" count="8" type="stmt"/>
        <line num="34" count="4" type="stmt"/>
        <line num="35" count="4" type="cond" truecount="1" falsecount="1"/>
        <line num="36" count="4" type="stmt"/>
      </file>
      <file name="utils.ts" path="/Users/lakphy/projects/vibe-documents/src/utils.ts">
        <metrics statements="12" coveredstatements="12" conditionals="8" coveredconditionals="8" methods="3" coveredmethods="3"/>
        <line num="1" count="6" type="stmt"/>
        <line num="2" count="6" type="stmt"/>
        <line num="5" count="121" type="stmt"/>
        <line num="6" count="121" type="stmt"/>
        <line num="7" count="3872" type="stmt"/>
        <line num="9" count="121" type="stmt"/>
        <line num="20" count="31" type="stmt"/>
        <line num="21" count="31" type="stmt"/>
        <line num="45" count="11" type="cond" truecount="2" falsecount="0"/>
        <line num="46" count="10" type="cond" truecount="4" falsecount="0"/>
        <line num="47" count="5" type="cond" truecount="2" falsecount="0"/>
        <line num="48" count="3" type="stmt"/>
      </file>
      <file name="webviewHost.ts" path="/Users/lakphy/projects/vibe-documents/src/webviewHost.ts">
        <metrics statements="7" coveredstatements="7" conditionals="2" coveredconditionals="2" methods="3" coveredmethods="3"/>
        <line num="10" count="19" type="stmt"/>
        <line num="16" count="18" type="cond" truecount="2" falsecount="0"/>
        <line num="20" count="19" type="stmt"/>
        <line num="21" count="19" type="stmt"/>
        <line num="24" count="19" type="stmt"/>
        <line num="28" count="19" type="stmt"/>
        <line num="37" count="7" type="stmt"/>
      </file>
    </package>
    <package name="test.__mocks__">
      <metrics statements="58" coveredstatements="42" conditionals="10" coveredconditionals="7" methods="36" coveredmethods="22"/>
      <file name="vscode.ts" path="/Users/lakphy/projects/vibe-documents/test/__mocks__/vscode.ts">
        <metrics statements="58" coveredstatements="42" conditionals="10" coveredconditionals="7" methods="36" coveredmethods="22"/>
        <line num="3" count="6" type="stmt"/>
        <line num="4" count="155" type="stmt"/>
        <line num="6" count="20" type="stmt"/>
        <line num="10" count="0" type="stmt"/>
        <line num="12" count="0" type="stmt"/>
        <line num="18" count="6" type="stmt"/>
        <line num="19" count="6" type="stmt"/>
        <line num="20" count="6" type="stmt"/>
        <line num="21" count="6" type="stmt"/>
        <line num="22" count="6" type="stmt"/>
        <line num="25" count="78" type="stmt"/>
        <line num="27" count="20" type="stmt"/>
        <line num="31" count="45" type="stmt"/>
        <line num="33" count="45" type="cond" truecount="1" falsecount="1"/>
        <line num="36" count="16" type="stmt"/>
        <line num="39" count="6" type="stmt"/>
        <line num="40" count="20" type="stmt"/>
        <line num="42" count="20" type="stmt"/>
        <line num="45" count="0" type="stmt"/>
        <line num="47" count="16" type="stmt"/>
        <line num="48" count="16" type="stmt"/>
        <line num="50" count="0" type="stmt"/>
        <line num="57" count="1" type="stmt"/>
        <line num="61" count="6" type="stmt"/>
        <line num="63" count="0" type="stmt"/>
        <line num="64" count="0" type="stmt"/>
        <line num="65" count="0" type="stmt"/>
        <line num="67" count="30" type="stmt"/>
        <line num="73" count="6" type="stmt"/>
        <line num="74" count="0" type="stmt"/>
        <line num="75" count="0" type="stmt"/>
        <line num="76" count="0" type="stmt"/>
        <line num="80" count="6" type="stmt"/>
        <line num="82" count="0" type="stmt"/>
        <line num="88" count="0" type="stmt"/>
        <line num="89" count="16" type="stmt"/>
        <line num="90" count="0" type="stmt"/>
        <line num="96" count="8" type="stmt"/>
        <line num="98" count="0" type="stmt"/>
        <line num="101" count="8" type="stmt"/>
        <line num="104" count="15" type="stmt"/>
        <line num="107" count="5" type="stmt"/>
        <line num="115" count="26" type="cond" truecount="4" falsecount="0"/>
        <line num="116" count="11" type="stmt"/>
        <line num="117" count="11" type="cond" truecount="2" falsecount="2"/>
        <line num="119" count="15" type="stmt"/>
        <line num="120" count="15" type="stmt"/>
        <line num="127" count="38" type="stmt"/>
        <line num="128" count="38" type="stmt"/>
        <line num="136" count="11" type="stmt"/>
        <line num="137" count="11" type="stmt"/>
        <line num="141" count="6" type="stmt"/>
        <line num="143" count="50" type="stmt"/>
        <line num="148" count="6" type="stmt"/>
        <line num="150" count="30" type="stmt"/>
        <line num="155" count="16" type="stmt"/>
        <line num="160" count="0" type="stmt"/>
        <line num="161" count="0" type="stmt"/>
      </file>
    </package>
    <package name="webview">
      <metrics statements="335" coveredstatements="303" conditionals="221" coveredconditionals="169" methods="96" coveredmethods="87"/>
      <file name="MermaidBlock.tsx" path="/Users/lakphy/projects/vibe-documents/webview/MermaidBlock.tsx">
        <metrics statements="140" coveredstatements="116" conditionals="83" coveredconditionals="56" methods="43" coveredmethods="36"/>
        <line num="45" count="1" type="stmt"/>
        <line num="46" count="1" type="stmt"/>
        <line num="47" count="1" type="stmt"/>
        <line num="48" count="1" type="stmt"/>
        <line num="49" count="1" type="stmt"/>
        <line num="50" count="1" type="stmt"/>
        <line num="53" count="3" type="stmt"/>
        <line num="57" count="105" type="stmt"/>
        <line num="61" count="1" type="cond" truecount="1" falsecount="1"/>
        <line num="62" count="1" type="stmt"/>
        <line num="63" count="1" type="stmt"/>
        <line num="66" count="0" type="stmt"/>
        <line num="67" count="0" type="stmt"/>
        <line num="68" count="0" type="stmt"/>
        <line num="69" count="0" type="stmt"/>
        <line num="70" count="0" type="stmt"/>
        <line num="71" count="0" type="stmt"/>
        <line num="72" count="0" type="stmt"/>
        <line num="73" count="0" type="stmt"/>
        <line num="74" count="0" type="stmt"/>
        <line num="75" count="0" type="stmt"/>
        <line num="76" count="0" type="cond" truecount="0" falsecount="2"/>
        <line num="90" count="30" type="stmt"/>
        <line num="92" count="30" type="stmt"/>
        <line num="93" count="12" type="stmt"/>
        <line num="94" count="12" type="cond" truecount="1" falsecount="1"/>
        <line num="96" count="12" type="stmt"/>
        <line num="97" count="12" type="stmt"/>
        <line num="100" count="30" type="stmt"/>
        <line num="109" count="0" type="stmt"/>
        <line num="123" count="51" type="stmt"/>
        <line num="124" count="51" type="stmt"/>
        <line num="125" count="51" type="stmt"/>
        <line num="126" count="51" type="stmt"/>
        <line num="127" count="51" type="stmt"/>
        <line num="128" count="51" type="stmt"/>
        <line num="129" count="51" type="stmt"/>
        <line num="130" count="51" type="stmt"/>
        <line num="132" count="51" type="stmt"/>
        <line num="133" count="51" type="stmt"/>
        <line num="134" count="35" type="stmt"/>
        <line num="140" count="51" type="stmt"/>
        <line num="141" count="10" type="stmt"/>
        <line num="144" count="10" type="cond" truecount="1" falsecount="1"/>
        <line num="145" count="0" type="stmt"/>
        <line num="146" count="0" type="stmt"/>
        <line num="147" count="0" type="stmt"/>
        <line num="150" count="10" type="stmt"/>
        <line num="151" count="10" type="stmt"/>
        <line num="152" count="10" type="stmt"/>
        <line num="159" count="10" type="stmt"/>
        <line num="160" count="10" type="stmt"/>
        <line num="161" count="10" type="cond" truecount="1" falsecount="1"/>
        <line num="163" count="0" type="cond" truecount="0" falsecount="2"/>
        <line num="164" count="0" type="stmt"/>
        <line num="165" count="0" type="cond" truecount="0" falsecount="2"/>
        <line num="170" count="10" type="stmt"/>
        <line num="172" count="10" type="stmt"/>
        <line num="173" count="10" type="stmt"/>
        <line num="177" count="51" type="stmt"/>
        <line num="178" count="22" type="cond" truecount="3" falsecount="1"/>
        <line num="181" count="51" type="stmt"/>
        <line num="182" count="20" type="stmt"/>
        <line num="183" count="20" type="stmt"/>
        <line num="186" count="51" type="stmt"/>
        <line num="187" count="10" type="stmt"/>
        <line num="188" count="10" type="cond" truecount="2" falsecount="0"/>
        <line num="192" count="51" type="stmt"/>
        <line num="193" count="12" type="cond" truecount="4" falsecount="0"/>
        <line num="195" count="1" type="stmt"/>
        <line num="196" count="1" type="stmt"/>
        <line num="197" count="0" type="cond" truecount="0" falsecount="2"/>
        <line num="200" count="1" type="stmt"/>
        <line num="201" count="1" type="stmt"/>
        <line num="203" count="1" type="stmt"/>
        <line num="204" count="1" type="stmt"/>
        <line num="205" count="1" type="stmt"/>
        <line num="209" count="51" type="stmt"/>
        <line num="210" count="1" type="cond" truecount="1" falsecount="1"/>
        <line num="211" count="1" type="stmt"/>
        <line num="214" count="51" type="stmt"/>
        <line num="215" count="1" type="cond" truecount="1" falsecount="1"/>
        <line num="216" count="1" type="stmt"/>
        <line num="217" count="1" type="stmt"/>
        <line num="218" count="1" type="stmt"/>
        <line num="219" count="1" type="cond" truecount="1" falsecount="1"/>
        <line num="220" count="1" type="stmt"/>
        <line num="222" count="0" type="stmt"/>
        <line num="226" count="51" type="stmt"/>
        <line num="227" count="3" type="stmt"/>
        <line num="233" count="51" type="stmt"/>
        <line num="234" count="1" type="stmt"/>
        <line num="235" count="1" type="stmt"/>
        <line num="238" count="51" type="stmt"/>
        <line num="239" count="3" type="cond" truecount="1" falsecount="1"/>
        <line num="240" count="3" type="stmt"/>
        <line num="241" count="3" type="stmt"/>
        <line num="243" count="3" type="cond" truecount="1" falsecount="1"/>
        <line num="246" count="3" type="cond" truecount="5" falsecount="0"/>
        <line num="251" count="3" type="cond" truecount="2" falsecount="0"/>
        <line num="252" count="1" type="stmt"/>
        <line num="257" count="1" type="stmt"/>
        <line num="260" count="2" type="cond" truecount="1" falsecount="1"/>
        <line num="263" count="51" type="stmt"/>
        <line num="264" count="1" type="cond" truecount="3" falsecount="1"/>
        <line num="265" count="1" type="cond" truecount="1" falsecount="1"/>
        <line num="267" count="1" type="stmt"/>
        <line num="268" count="1" type="stmt"/>
        <line num="275" count="1" type="stmt"/>
        <line num="276" count="1" type="stmt"/>
        <line num="279" count="51" type="stmt"/>
        <line num="280" count="1" type="stmt"/>
        <line num="281" count="1" type="cond" truecount="3" falsecount="1"/>
        <line num="283" count="1" type="stmt"/>
        <line num="284" count="1" type="stmt"/>
        <line num="291" count="51" type="cond" truecount="1" falsecount="0"/>
        <line num="292" count="1" type="stmt"/>
        <line num="293" count="1" type="cond" truecount="3" falsecount="1"/>
        <line num="295" count="1" type="stmt"/>
        <line num="296" count="1" type="stmt"/>
        <line num="297" count="1" type="cond" truecount="1" falsecount="1"/>
        <line num="298" count="1" type="stmt"/>
        <line num="299" count="1" type="stmt"/>
        <line num="306" count="51" type="stmt"/>
        <line num="307" count="30" type="stmt"/>
        <line num="310" count="0" type="stmt"/>
        <line num="311" count="0" type="stmt"/>
        <line num="313" count="1" type="stmt"/>
        <line num="316" count="0" type="stmt"/>
        <line num="325" count="51" type="stmt"/>
        <line num="326" count="30" type="stmt"/>
        <line num="339" count="51" type="stmt"/>
        <line num="340" count="49" type="cond" truecount="1" falsecount="1"/>
        <line num="341" count="49" type="cond" truecount="2" falsecount="0"/>
        <line num="342" count="29" type="stmt"/>
        <line num="345" count="51" type="stmt"/>
        <line num="357" count="1" type="stmt"/>
        <line num="366" count="1" type="stmt"/>
        <line num="406" count="0" type="cond" truecount="0" falsecount="2"/>
        <line num="415" count="1" type="stmt"/>
      </file>
      <file name="ThemeContext.tsx" path="/Users/lakphy/projects/vibe-documents/webview/ThemeContext.tsx">
        <metrics statements="10" coveredstatements="10" conditionals="4" coveredconditionals="4" methods="6" coveredmethods="6"/>
        <line num="3" count="2" type="stmt"/>
        <line num="6" count="9" type="stmt"/>
        <line num="7" count="6" type="cond" truecount="2" falsecount="0"/>
        <line num="11" count="9" type="stmt"/>
        <line num="12" count="6" type="stmt"/>
        <line num="13" count="8" type="stmt"/>
        <line num="18" count="6" type="stmt"/>
        <line num="19" count="6" type="stmt"/>
        <line num="22" count="9" type="stmt"/>
        <line num="26" count="9" type="stmt"/>
      </file>
      <file name="Toolbar.tsx" path="/Users/lakphy/projects/vibe-documents/webview/Toolbar.tsx">
        <metrics statements="4" coveredstatements="4" conditionals="4" coveredconditionals="4" methods="3" coveredmethods="3"/>
        <line num="11" count="1" type="stmt"/>
        <line num="17" count="5" type="stmt"/>
        <line num="21" count="10" type="stmt"/>
        <line num="36" count="1" type="stmt"/>
      </file>
      <file name="codeHighlighter.ts" path="/Users/lakphy/projects/vibe-documents/webview/codeHighlighter.ts">
        <metrics statements="1" coveredstatements="1" conditionals="0" coveredconditionals="0" methods="0" coveredmethods="0"/>
        <line num="4" count="1" type="stmt"/>
      </file>
      <file name="hooks.tsx" path="/Users/lakphy/projects/vibe-documents/webview/hooks.tsx">
        <metrics statements="19" coveredstatements="18" conditionals="8" coveredconditionals="7" methods="9" coveredmethods="8"/>
        <line num="17" count="16" type="stmt"/>
        <line num="18" count="16" type="stmt"/>
        <line num="19" count="16" type="stmt"/>
        <line num="21" count="16" type="stmt"/>
        <line num="22" count="8" type="stmt"/>
        <line num="23" count="9" type="cond" truecount="2" falsecount="0"/>
        <line num="24" count="8" type="stmt"/>
        <line num="25" count="8" type="cond" truecount="2" falsecount="0"/>
        <line num="26" count="8" type="cond" truecount="2" falsecount="0"/>
        <line num="30" count="8" type="stmt"/>
        <line num="32" count="8" type="stmt"/>
        <line num="35" count="16" type="stmt"/>
        <line num="39" count="0" type="stmt"/>
        <line num="43" count="12" type="stmt"/>
        <line num="45" count="4" type="cond" truecount="1" falsecount="1"/>
        <line num="46" count="4" type="stmt"/>
        <line num="47" count="4" type="stmt"/>
        <line num="50" count="3" type="stmt"/>
        <line num="58" count="1" type="stmt"/>
      </file>
      <file name="markdownPreviewConfig.ts" path="/Users/lakphy/projects/vibe-documents/webview/markdownPreviewConfig.ts">
        <metrics statements="1" coveredstatements="1" conditionals="0" coveredconditionals="0" methods="0" coveredmethods="0"/>
        <line num="3" count="2" type="stmt"/>
      </file>
      <file name="messageBus.ts" path="/Users/lakphy/projects/vibe-documents/webview/messageBus.ts">
        <metrics statements="21" coveredstatements="21" conditionals="12" coveredconditionals="11" methods="4" coveredmethods="4"/>
        <line num="9" count="8" type="stmt"/>
        <line num="10" count="8" type="stmt"/>
        <line num="13" count="32" type="stmt"/>
        <line num="14" count="32" type="cond" truecount="4" falsecount="0"/>
        <line num="15" count="21" type="stmt"/>
        <line num="16" count="21" type="cond" truecount="2" falsecount="0"/>
        <line num="17" count="16" type="stmt"/>
        <line num="18" count="18" type="stmt"/>
        <line num="24" count="18" type="cond" truecount="2" falsecount="0"/>
        <line num="25" count="8" type="stmt"/>
        <line num="26" count="8" type="stmt"/>
        <line num="35" count="18" type="stmt"/>
        <line num="36" count="18" type="stmt"/>
        <line num="37" count="18" type="cond" truecount="2" falsecount="0"/>
        <line num="38" count="17" type="stmt"/>
        <line num="39" count="17" type="stmt"/>
        <line num="41" count="18" type="stmt"/>
        <line num="42" count="18" type="stmt"/>
        <line num="43" count="9" type="stmt"/>
        <line num="44" count="9" type="cond" truecount="1" falsecount="1"/>
        <line num="45" count="9" type="stmt"/>
      </file>
      <file name="saveShortcut.ts" path="/Users/lakphy/projects/vibe-documents/webview/saveShortcut.ts">
        <metrics statements="23" coveredstatements="23" conditionals="11" coveredconditionals="10" methods="10" coveredmethods="10"/>
        <line num="6" count="1" type="stmt"/>
        <line num="9" count="4" type="cond" truecount="5" falsecount="0"/>
        <line num="18" count="3" type="stmt"/>
        <line num="19" count="3" type="stmt"/>
        <line num="20" count="1" type="stmt"/>
        <line num="21" count="1" type="cond" truecount="1" falsecount="1"/>
        <line num="23" count="2" type="stmt"/>
        <line num="27" count="4" type="stmt"/>
        <line num="28" count="4" type="stmt"/>
        <line num="29" count="4" type="cond" truecount="2" falsecount="0"/>
        <line num="31" count="3" type="stmt"/>
        <line num="32" count="3" type="stmt"/>
        <line num="34" count="3" type="stmt"/>
        <line num="35" count="3" type="stmt"/>
        <line num="42" count="4" type="stmt"/>
        <line num="43" count="4" type="stmt"/>
        <line num="48" count="1" type="stmt"/>
        <line num="49" count="1" type="stmt"/>
        <line num="51" count="1" type="stmt"/>
        <line num="52" count="1" type="stmt"/>
        <line num="53" count="1" type="stmt"/>
        <line num="54" count="1" type="stmt"/>
        <line num="55" count="1" type="stmt"/>
      </file>
      <file name="useCodeBlockSelectAll.ts" path="/Users/lakphy/projects/vibe-documents/webview/useCodeBlockSelectAll.ts">
        <metrics statements="112" coveredstatements="105" conditionals="95" coveredconditionals="73" methods="20" coveredmethods="19"/>
        <line num="3" count="1" type="stmt"/>
        <line num="4" count="1" type="stmt"/>
        <line num="18" count="10" type="stmt"/>
        <line num="27" count="44" type="cond" truecount="1" falsecount="1"/>
        <line num="28" count="44" type="cond" truecount="2" falsecount="0"/>
        <line num="29" count="8" type="cond" truecount="1" falsecount="1"/>
        <line num="30" count="0" type="stmt"/>
        <line num="34" count="20" type="stmt"/>
        <line num="35" count="20" type="stmt"/>
        <line num="36" count="20" type="cond" truecount="2" falsecount="0"/>
        <line num="38" count="13" type="cond" truecount="2" falsecount="0"/>
        <line num="39" count="2" type="stmt"/>
        <line num="42" count="11" type="cond" truecount="4" falsecount="0"/>
        <line num="43" count="4" type="stmt"/>
        <line num="46" count="7" type="stmt"/>
        <line num="50" count="24" type="stmt"/>
        <line num="51" count="24" type="cond" truecount="2" falsecount="0"/>
        <line num="52" count="18" type="cond" truecount="1" falsecount="1"/>
        <line num="56" count="10" type="stmt"/>
        <line num="57" count="10" type="cond" truecount="4" falsecount="0"/>
        <line num="59" count="7" type="stmt"/>
        <line num="60" count="7" type="stmt"/>
        <line num="62" count="7" type="cond" truecount="5" falsecount="0"/>
        <line num="63" count="2" type="cond" truecount="2" falsecount="2"/>
        <line num="64" count="2" type="stmt"/>
        <line num="68" count="8" type="cond" truecount="2" falsecount="1"/>
        <line num="72" count="8" type="cond" truecount="2" falsecount="0"/>
        <line num="73" count="5" type="cond" truecount="1" falsecount="1"/>
        <line num="77" count="1" type="cond" truecount="2" falsecount="0"/>
        <line num="81" count="2" type="stmt"/>
        <line num="82" count="2" type="cond" truecount="2" falsecount="0"/>
        <line num="83" count="1" type="stmt"/>
        <line num="86" count="1" type="stmt"/>
        <line num="87" count="1" type="cond" truecount="3" falsecount="1"/>
        <line num="89" count="1" type="stmt"/>
        <line num="90" count="1" type="stmt"/>
        <line num="91" count="1" type="stmt"/>
        <line num="93" count="1" type="stmt"/>
        <line num="100" count="6" type="stmt"/>
        <line num="101" count="6" type="cond" truecount="2" falsecount="0"/>
        <line num="102" count="2" type="stmt"/>
        <line num="103" count="2" type="stmt"/>
        <line num="104" count="2" type="stmt"/>
        <line num="107" count="4" type="stmt"/>
        <line num="108" count="4" type="cond" truecount="1" falsecount="1"/>
        <line num="110" count="4" type="stmt"/>
        <line num="111" count="4" type="stmt"/>
        <line num="112" count="4" type="stmt"/>
        <line num="113" count="4" type="stmt"/>
        <line num="114" count="4" type="stmt"/>
        <line num="118" count="2" type="stmt"/>
        <line num="119" count="2" type="cond" truecount="1" falsecount="1"/>
        <line num="120" count="2" type="stmt"/>
        <line num="123" count="2" type="stmt"/>
        <line num="124" count="2" type="cond" truecount="1" falsecount="1"/>
        <line num="126" count="2" type="stmt"/>
        <line num="127" count="2" type="stmt"/>
        <line num="128" count="2" type="stmt"/>
        <line num="129" count="2" type="stmt"/>
        <line num="130" count="2" type="stmt"/>
        <line num="134" count="8" type="stmt"/>
        <line num="135" count="8" type="stmt"/>
        <line num="137" count="8" type="stmt"/>
        <line num="138" count="8" type="cond" truecount="1" falsecount="1"/>
        <line num="140" count="20" type="stmt"/>
        <line num="142" count="8" type="stmt"/>
        <line num="143" count="10" type="stmt"/>
        <line num="144" count="10" type="cond" truecount="1" falsecount="1"/>
        <line num="145" count="0" type="stmt"/>
        <line num="146" count="0" type="stmt"/>
        <line num="147" count="0" type="stmt"/>
        <line num="150" count="10" type="stmt"/>
        <line num="151" count="10" type="cond" truecount="4" falsecount="0"/>
        <line num="152" count="2" type="stmt"/>
        <line num="153" count="2" type="stmt"/>
        <line num="154" count="2" type="stmt"/>
        <line num="157" count="8" type="stmt"/>
        <line num="158" count="8" type="stmt"/>
        <line num="161" count="8" type="stmt"/>
        <line num="162" count="0" type="stmt"/>
        <line num="163" count="0" type="cond" truecount="0" falsecount="4"/>
        <line num="164" count="0" type="stmt"/>
        <line num="168" count="8" type="stmt"/>
        <line num="169" count="10" type="cond" truecount="3" falsecount="1"/>
        <line num="171" count="10" type="stmt"/>
        <line num="172" count="10" type="cond" truecount="1" falsecount="1"/>
        <line num="174" count="10" type="cond" truecount="2" falsecount="0"/>
        <line num="175" count="10" type="cond" truecount="4" falsecount="0"/>
        <line num="176" count="8" type="cond" truecount="3" falsecount="1"/>
        <line num="178" count="8" type="cond" truecount="4" falsecount="0"/>
        <line num="179" count="2" type="stmt"/>
        <line num="180" count="2" type="stmt"/>
        <line num="181" count="2" type="stmt"/>
        <line num="182" count="2" type="stmt"/>
        <line num="183" count="2" type="stmt"/>
        <line num="184" count="2" type="stmt"/>
        <line num="187" count="6" type="stmt"/>
        <line num="188" count="6" type="stmt"/>
        <line num="189" count="6" type="cond" truecount="1" falsecount="1"/>
        <line num="190" count="6" type="stmt"/>
        <line num="191" count="6" type="stmt"/>
        <line num="195" count="8" type="stmt"/>
        <line num="196" count="8" type="stmt"/>
        <line num="198" count="8" type="stmt"/>
        <line num="199" count="8" type="stmt"/>
        <line num="200" count="8" type="stmt"/>
        <line num="201" count="8" type="stmt"/>
        <line num="203" count="8" type="stmt"/>
        <line num="204" count="8" type="stmt"/>
        <line num="205" count="8" type="stmt"/>
        <line num="206" count="8" type="stmt"/>
        <line num="207" count="8" type="stmt"/>
      </file>
      <file name="vscodeApi.ts" path="/Users/lakphy/projects/vibe-documents/webview/vscodeApi.ts">
        <metrics statements="4" coveredstatements="4" conditionals="4" coveredconditionals="4" methods="1" coveredmethods="1"/>
        <line num="10" count="14" type="cond" truecount="2" falsecount="0"/>
        <line num="11" count="11" type="cond" truecount="2" falsecount="0"/>
        <line num="12" count="2" type="stmt"/>
        <line num="15" count="14" type="stmt"/>
      </file>
    </package>
    <package name="webview.csv">
      <metrics statements="394" coveredstatements="387" conditionals="253" coveredconditionals="230" methods="65" coveredmethods="65"/>
      <file name="CellRenderer.tsx" path="/Users/lakphy/projects/vibe-documents/webview/csv/CellRenderer.tsx">
        <metrics statements="12" coveredstatements="12" conditionals="12" coveredconditionals="12" methods="5" coveredmethods="5"/>
        <line num="21" count="1" type="stmt"/>
        <line num="26" count="17" type="stmt"/>
        <line num="27" count="17" type="cond" truecount="2" falsecount="0"/>
        <line num="28" count="17" type="cond" truecount="2" falsecount="0"/>
        <line num="29" count="17" type="cond" truecount="2" falsecount="0"/>
        <line num="30" count="17" type="cond" truecount="2" falsecount="0"/>
        <line num="31" count="17" type="cond" truecount="2" falsecount="0"/>
        <line num="33" count="17" type="stmt"/>
        <line num="37" count="1" type="stmt"/>
        <line num="38" count="1" type="stmt"/>
        <line num="39" count="1" type="stmt"/>
        <line num="40" count="1" type="stmt"/>
      </file>
      <file name="history.ts" path="/Users/lakphy/projects/vibe-documents/webview/csv/history.ts">
        <metrics statements="19" coveredstatements="19" conditionals="6" coveredconditionals="6" methods="6" coveredmethods="6"/>
        <line num="11" count="3" type="stmt"/>
        <line num="14" count="185" type="stmt"/>
        <line num="15" count="185" type="stmt"/>
        <line num="18" count="153" type="stmt"/>
        <line num="19" count="153" type="cond" truecount="2" falsecount="0"/>
        <line num="20" count="5" type="stmt"/>
        <line num="22" count="153" type="stmt"/>
        <line num="26" count="122" type="cond" truecount="2" falsecount="0"/>
        <line num="27" count="119" type="stmt"/>
        <line num="28" count="119" type="stmt"/>
        <line num="29" count="119" type="stmt"/>
        <line num="33" count="8" type="cond" truecount="2" falsecount="0"/>
        <line num="34" count="5" type="stmt"/>
        <line num="35" count="5" type="stmt"/>
        <line num="36" count="5" type="stmt"/>
        <line num="40" count="276" type="stmt"/>
        <line num="44" count="176" type="stmt"/>
        <line num="48" count="52" type="stmt"/>
        <line num="49" count="52" type="stmt"/>
      </file>
      <file name="parser.ts" path="/Users/lakphy/projects/vibe-documents/webview/csv/parser.ts">
        <metrics statements="63" coveredstatements="63" conditionals="38" coveredconditionals="36" methods="7" coveredmethods="7"/>
        <line num="7" count="66" type="stmt"/>
        <line num="8" count="66" type="stmt"/>
        <line num="9" count="66" type="stmt"/>
        <line num="10" count="66" type="stmt"/>
        <line num="11" count="66" type="stmt"/>
        <line num="12" count="66" type="stmt"/>
        <line num="14" count="66" type="stmt"/>
        <line num="15" count="22604" type="stmt"/>
        <line num="17" count="22604" type="cond" truecount="2" falsecount="0"/>
        <line num="18" count="43" type="cond" truecount="2" falsecount="0"/>
        <line num="19" count="6" type="cond" truecount="4" falsecount="0"/>
        <line num="20" count="2" type="stmt"/>
        <line num="21" count="2" type="stmt"/>
        <line num="23" count="4" type="stmt"/>
        <line num="24" count="4" type="stmt"/>
        <line num="27" count="37" type="stmt"/>
        <line num="28" count="37" type="stmt"/>
        <line num="31" count="22561" type="cond" truecount="2" falsecount="0"/>
        <line num="32" count="4" type="stmt"/>
        <line num="33" count="4" type="stmt"/>
        <line num="34" count="22557" type="cond" truecount="2" falsecount="0"/>
        <line num="35" count="2352" type="stmt"/>
        <line num="36" count="2352" type="stmt"/>
        <line num="37" count="2352" type="stmt"/>
        <line num="38" count="20205" type="cond" truecount="2" falsecount="0"/>
        <line num="39" count="1" type="stmt"/>
        <line num="40" count="1" type="stmt"/>
        <line num="41" count="1" type="stmt"/>
        <line num="42" count="1" type="stmt"/>
        <line num="43" count="1" type="stmt"/>
        <line num="44" count="1" type="cond" truecount="3" falsecount="1"/>
        <line num="45" count="20204" type="cond" truecount="2" falsecount="0"/>
        <line num="46" count="1143" type="stmt"/>
        <line num="47" count="1143" type="stmt"/>
        <line num="48" count="1143" type="stmt"/>
        <line num="49" count="1143" type="stmt"/>
        <line num="50" count="1143" type="stmt"/>
        <line num="52" count="19061" type="stmt"/>
        <line num="53" count="19061" type="stmt"/>
        <line num="58" count="66" type="cond" truecount="4" falsecount="0"/>
        <line num="59" count="64" type="stmt"/>
        <line num="60" count="64" type="stmt"/>
        <line num="63" count="66" type="stmt"/>
        <line num="67" count="59" type="cond" truecount="2" falsecount="0"/>
        <line num="68" count="200" type="stmt"/>
        <line num="69" count="58" type="stmt"/>
        <line num="70" count="200" type="cond" truecount="2" falsecount="0"/>
        <line num="71" count="2" type="stmt"/>
        <line num="72" count="2" type="stmt"/>
        <line num="73" count="2" type="stmt"/>
        <line num="75" count="198" type="stmt"/>
        <line num="80" count="30" type="cond" truecount="6" falsecount="0"/>
        <line num="81" count="3" type="stmt"/>
        <line num="83" count="27" type="stmt"/>
        <line num="87" count="7" type="stmt"/>
        <line num="88" count="7" type="stmt"/>
        <line num="89" count="7" type="stmt"/>
        <line num="90" count="8" type="stmt"/>
        <line num="92" count="7" type="stmt"/>
        <line num="101" count="57" type="cond" truecount="2" falsecount="0"/>
        <line num="102" count="56" type="stmt"/>
        <line num="103" count="56" type="cond" truecount="1" falsecount="1"/>
        <line num="104" count="56" type="stmt"/>
      </file>
      <file name="store.ts" path="/Users/lakphy/projects/vibe-documents/webview/csv/store.ts">
        <metrics statements="147" coveredstatements="146" conditionals="94" coveredconditionals="89" methods="28" coveredmethods="28"/>
        <line num="8" count="171" type="stmt"/>
        <line num="21" count="3" type="stmt"/>
        <line num="25" count="84" type="cond" truecount="2" falsecount="0"/>
        <line num="26" count="6" type="stmt"/>
        <line num="27" count="6" type="stmt"/>
        <line num="28" count="6" type="stmt"/>
        <line num="29" count="14" type="stmt"/>
        <line num="30" count="27" type="cond" truecount="2" falsecount="0"/>
        <line num="31" count="8" type="stmt"/>
        <line num="35" count="6" type="stmt"/>
        <line num="39" count="117" type="cond" truecount="17" falsecount="1"/>
        <line num="41" count="63" type="stmt"/>
        <line num="42" count="63" type="stmt"/>
        <line num="43" count="168" type="cond" truecount="2" falsecount="0"/>
        <line num="45" count="63" type="stmt"/>
        <line num="57" count="14" type="stmt"/>
        <line num="58" count="42" type="cond" truecount="4" falsecount="0"/>
        <line num="60" count="14" type="stmt"/>
        <line num="64" count="14" type="stmt"/>
        <line num="68" count="2" type="stmt"/>
        <line num="69" count="2" type="stmt"/>
        <line num="70" count="2" type="stmt"/>
        <line num="71" count="2" type="stmt"/>
        <line num="75" count="4" type="cond" truecount="2" falsecount="0"/>
        <line num="76" count="9" type="stmt"/>
        <line num="77" count="3" type="stmt"/>
        <line num="81" count="1" type="stmt"/>
        <line num="82" count="1" type="stmt"/>
        <line num="83" count="1" type="stmt"/>
        <line num="84" count="3" type="stmt"/>
        <line num="85" count="3" type="stmt"/>
        <line num="86" count="3" type="stmt"/>
        <line num="88" count="1" type="stmt"/>
        <line num="89" count="1" type="stmt"/>
        <line num="90" count="1" type="stmt"/>
        <line num="94" count="2" type="cond" truecount="2" falsecount="0"/>
        <line num="95" count="3" type="stmt"/>
        <line num="96" count="9" type="stmt"/>
        <line num="97" count="1" type="stmt"/>
        <line num="101" count="1" type="stmt"/>
        <line num="104" count="1" type="stmt"/>
        <line num="107" count="8" type="stmt"/>
        <line num="110" count="2" type="stmt"/>
        <line num="113" count="6" type="stmt"/>
        <line num="114" count="6" type="cond" truecount="1" falsecount="1"/>
        <line num="115" count="6" type="stmt"/>
        <line num="116" count="6" type="cond" truecount="2" falsecount="0"/>
        <line num="118" count="6" type="stmt"/>
        <line num="122" count="1" type="stmt"/>
        <line num="125" count="2" type="stmt"/>
        <line num="126" count="2" type="cond" truecount="4" falsecount="0"/>
        <line num="127" count="1" type="stmt"/>
        <line num="128" count="1" type="stmt"/>
        <line num="129" count="1" type="stmt"/>
        <line num="130" count="1" type="stmt"/>
        <line num="131" count="1" type="stmt"/>
        <line num="132" count="2" type="cond" truecount="3" falsecount="1"/>
        <line num="134" count="1" type="stmt"/>
        <line num="135" count="1" type="stmt"/>
        <line num="136" count="1" type="stmt"/>
        <line num="144" count="3" type="stmt"/>
        <line num="145" count="3" type="cond" truecount="2" falsecount="0"/>
        <line num="146" count="2" type="stmt"/>
        <line num="147" count="2" type="stmt"/>
        <line num="148" count="5" type="stmt"/>
        <line num="149" count="2" type="stmt"/>
        <line num="157" count="3" type="stmt"/>
        <line num="158" count="3" type="stmt"/>
        <line num="159" count="3" type="stmt"/>
        <line num="160" count="6" type="stmt"/>
        <line num="161" count="6" type="cond" truecount="2" falsecount="0"/>
        <line num="162" count="2" type="stmt"/>
        <line num="164" count="6" type="stmt"/>
        <line num="165" count="6" type="stmt"/>
        <line num="166" count="13" type="stmt"/>
        <line num="167" count="13" type="cond" truecount="2" falsecount="0"/>
        <line num="168" count="11" type="stmt"/>
        <line num="171" count="6" type="stmt"/>
        <line num="173" count="3" type="stmt"/>
        <line num="177" count="2" type="stmt"/>
        <line num="178" count="2" type="cond" truecount="2" falsecount="0"/>
        <line num="179" count="1" type="stmt"/>
        <line num="180" count="1" type="stmt"/>
        <line num="181" count="1" type="stmt"/>
        <line num="182" count="1" type="stmt"/>
        <line num="186" count="2" type="stmt"/>
        <line num="187" count="2" type="cond" truecount="2" falsecount="0"/>
        <line num="188" count="1" type="stmt"/>
        <line num="189" count="1" type="stmt"/>
        <line num="190" count="1" type="stmt"/>
        <line num="191" count="1" type="stmt"/>
        <line num="192" count="3" type="stmt"/>
        <line num="193" count="3" type="stmt"/>
        <line num="194" count="3" type="stmt"/>
        <line num="195" count="3" type="stmt"/>
        <line num="197" count="1" type="stmt"/>
        <line num="199" count="3" type="cond" truecount="1" falsecount="1"/>
        <line num="201" count="1" type="stmt"/>
        <line num="202" count="1" type="stmt"/>
        <line num="203" count="1" type="stmt"/>
        <line num="204" count="3" type="stmt"/>
        <line num="205" count="1" type="stmt"/>
        <line num="209" count="0" type="stmt"/>
        <line num="214" count="171" type="stmt"/>
        <line num="215" count="171" type="stmt"/>
        <line num="216" count="171" type="stmt"/>
        <line num="217" count="171" type="stmt"/>
        <line num="219" count="171" type="stmt"/>
        <line num="220" count="70" type="stmt"/>
        <line num="222" count="70" type="cond" truecount="2" falsecount="0"/>
        <line num="234" count="35" type="stmt"/>
        <line num="237" count="70" type="cond" truecount="2" falsecount="0"/>
        <line num="238" count="12" type="stmt"/>
        <line num="239" count="12" type="cond" truecount="2" falsecount="0"/>
        <line num="240" count="10" type="stmt"/>
        <line num="242" count="12" type="stmt"/>
        <line num="245" count="58" type="cond" truecount="2" falsecount="0"/>
        <line num="246" count="4" type="stmt"/>
        <line num="247" count="4" type="cond" truecount="2" falsecount="0"/>
        <line num="248" count="2" type="stmt"/>
        <line num="250" count="4" type="stmt"/>
        <line num="253" count="54" type="stmt"/>
        <line num="256" count="171" type="stmt"/>
        <line num="257" count="51" type="stmt"/>
        <line num="258" count="51" type="stmt"/>
        <line num="259" count="51" type="stmt"/>
        <line num="262" count="171" type="stmt"/>
        <line num="263" count="1" type="stmt"/>
        <line num="266" count="171" type="stmt"/>
        <line num="267" count="151" type="stmt"/>
        <line num="268" count="151" type="cond" truecount="4" falsecount="0"/>
        <line num="269" count="142" type="stmt"/>
        <line num="271" count="248" type="stmt"/>
        <line num="274" count="26" type="stmt"/>
        <line num="275" count="9" type="stmt"/>
        <line num="276" count="24" type="cond" truecount="2" falsecount="0"/>
        <line num="277" count="24" type="cond" truecount="2" falsecount="0"/>
        <line num="278" count="24" type="stmt"/>
        <line num="279" count="24" type="stmt"/>
        <line num="280" count="24" type="cond" truecount="6" falsecount="0"/>
        <line num="281" count="19" type="cond" truecount="1" falsecount="1"/>
        <line num="283" count="5" type="stmt"/>
        <line num="284" count="5" type="cond" truecount="2" falsecount="0"/>
        <line num="286" count="9" type="stmt"/>
        <line num="287" count="26" type="stmt"/>
        <line num="288" count="26" type="stmt"/>
        <line num="292" count="171" type="stmt"/>
      </file>
      <file name="types.ts" path="/Users/lakphy/projects/vibe-documents/webview/csv/types.ts">
        <metrics statements="5" coveredstatements="5" conditionals="0" coveredconditionals="0" methods="0" coveredmethods="0"/>
        <line num="67" count="2" type="stmt"/>
        <line num="68" count="2" type="stmt"/>
        <line num="69" count="2" type="stmt"/>
        <line num="70" count="2" type="stmt"/>
        <line num="71" count="2" type="stmt"/>
      </file>
      <file name="useCopyPaste.ts" path="/Users/lakphy/projects/vibe-documents/webview/csv/useCopyPaste.ts">
        <metrics statements="47" coveredstatements="47" conditionals="26" coveredconditionals="20" methods="7" coveredmethods="7"/>
        <line num="14" count="8" type="stmt"/>
        <line num="15" count="4" type="cond" truecount="2" falsecount="0"/>
        <line num="16" count="3" type="stmt"/>
        <line num="17" count="3" type="cond" truecount="4" falsecount="0"/>
        <line num="19" count="2" type="stmt"/>
        <line num="20" count="2" type="stmt"/>
        <line num="21" count="2" type="stmt"/>
        <line num="22" count="2" type="stmt"/>
        <line num="23" count="4" type="stmt"/>
        <line num="24" count="4" type="cond" truecount="1" falsecount="1"/>
        <line num="25" count="4" type="stmt"/>
        <line num="26" count="4" type="stmt"/>
        <line num="27" count="8" type="cond" truecount="1" falsecount="1"/>
        <line num="29" count="4" type="stmt"/>
        <line num="31" count="2" type="stmt"/>
        <line num="34" count="8" type="stmt"/>
        <line num="35" count="4" type="stmt"/>
        <line num="36" count="4" type="cond" truecount="3" falsecount="1"/>
        <line num="37" count="4" type="cond" truecount="2" falsecount="0"/>
        <line num="39" count="3" type="stmt"/>
        <line num="40" count="3" type="stmt"/>
        <line num="41" count="4" type="cond" truecount="2" falsecount="0"/>
        <line num="43" count="3" type="stmt"/>
        <line num="44" count="2" type="stmt"/>
        <line num="45" count="2" type="stmt"/>
        <line num="46" count="2" type="stmt"/>
        <line num="48" count="2" type="stmt"/>
        <line num="51" count="8" type="stmt"/>
        <line num="52" count="1" type="cond" truecount="1" falsecount="1"/>
        <line num="53" count="1" type="stmt"/>
        <line num="54" count="1" type="cond" truecount="3" falsecount="1"/>
        <line num="56" count="1" type="stmt"/>
        <line num="57" count="1" type="stmt"/>
        <line num="58" count="1" type="stmt"/>
        <line num="59" count="2" type="stmt"/>
        <line num="60" count="2" type="stmt"/>
        <line num="61" count="4" type="stmt"/>
        <line num="66" count="8" type="stmt"/>
        <line num="67" count="8" type="stmt"/>
        <line num="68" count="8" type="cond" truecount="1" falsecount="1"/>
        <line num="69" count="8" type="stmt"/>
        <line num="70" count="8" type="stmt"/>
        <line num="71" count="8" type="stmt"/>
        <line num="72" count="8" type="stmt"/>
        <line num="73" count="8" type="stmt"/>
        <line num="74" count="8" type="stmt"/>
        <line num="75" count="8" type="stmt"/>
      </file>
      <file name="useKeyboard.ts" path="/Users/lakphy/projects/vibe-documents/webview/csv/useKeyboard.ts">
        <metrics statements="64" coveredstatements="58" conditionals="51" coveredconditionals="41" methods="4" coveredmethods="4"/>
        <line num="13" count="14" type="stmt"/>
        <line num="14" count="14" type="stmt"/>
        <line num="15" count="14" type="cond" truecount="2" falsecount="0"/>
        <line num="17" count="14" type="cond" truecount="5" falsecount="1"/>
        <line num="18" count="1" type="stmt"/>
        <line num="19" count="1" type="stmt"/>
        <line num="20" count="1" type="stmt"/>
        <line num="23" count="13" type="cond" truecount="7" falsecount="2"/>
        <line num="25" count="2" type="stmt"/>
        <line num="26" count="2" type="stmt"/>
        <line num="27" count="2" type="stmt"/>
        <line num="30" count="11" type="cond" truecount="2" falsecount="0"/>
        <line num="32" count="10" type="cond" truecount="2" falsecount="0"/>
        <line num="33" count="1" type="cond" truecount="1" falsecount="1"/>
        <line num="34" count="1" type="stmt"/>
        <line num="36" count="1" type="stmt"/>
        <line num="39" count="9" type="stmt"/>
        <line num="41" count="9" type="cond" truecount="10" falsecount="1"/>
        <line num="43" count="0" type="stmt"/>
        <line num="44" count="0" type="stmt"/>
        <line num="45" count="0" type="stmt"/>
        <line num="47" count="1" type="stmt"/>
        <line num="48" count="1" type="stmt"/>
        <line num="49" count="1" type="stmt"/>
        <line num="51" count="0" type="stmt"/>
        <line num="52" count="0" type="stmt"/>
        <line num="53" count="0" type="stmt"/>
        <line num="55" count="1" type="stmt"/>
        <line num="56" count="1" type="stmt"/>
        <line num="57" count="1" type="stmt"/>
        <line num="59" count="2" type="stmt"/>
        <line num="60" count="2" type="cond" truecount="2" falsecount="0"/>
        <line num="61" count="2" type="stmt"/>
        <line num="63" count="1" type="stmt"/>
        <line num="64" count="1" type="cond" truecount="1" falsecount="1"/>
        <line num="65" count="1" type="stmt"/>
        <line num="67" count="1" type="stmt"/>
        <line num="69" count="1" type="stmt"/>
        <line num="70" count="1" type="cond" truecount="1" falsecount="1"/>
        <line num="71" count="1" type="stmt"/>
        <line num="73" count="1" type="stmt"/>
        <line num="76" count="1" type="stmt"/>
        <line num="77" count="1" type="cond" truecount="1" falsecount="1"/>
        <line num="78" count="1" type="stmt"/>
        <line num="79" count="1" type="stmt"/>
        <line num="80" count="1" type="stmt"/>
        <line num="81" count="1" type="stmt"/>
        <line num="82" count="1" type="stmt"/>
        <line num="83" count="1" type="stmt"/>
        <line num="84" count="2" type="stmt"/>
        <line num="85" count="2" type="stmt"/>
        <line num="86" count="4" type="stmt"/>
        <line num="90" count="1" type="stmt"/>
        <line num="92" count="1" type="stmt"/>
        <line num="93" count="1" type="stmt"/>
        <line num="94" count="1" type="stmt"/>
        <line num="96" count="1" type="cond" truecount="6" falsecount="1"/>
        <line num="97" count="1" type="stmt"/>
        <line num="99" count="1" type="stmt"/>
        <line num="103" count="14" type="stmt"/>
        <line num="104" count="14" type="stmt"/>
        <line num="105" count="14" type="cond" truecount="1" falsecount="1"/>
        <line num="106" count="14" type="stmt"/>
        <line num="107" count="14" type="stmt"/>
      </file>
      <file name="useSelection.ts" path="/Users/lakphy/projects/vibe-documents/webview/csv/useSelection.ts">
        <metrics statements="37" coveredstatements="37" conditionals="26" coveredconditionals="26" methods="8" coveredmethods="8"/>
        <line num="11" count="16" type="stmt"/>
        <line num="12" count="16" type="stmt"/>
        <line num="14" count="16" type="cond" truecount="1" falsecount="0"/>
        <line num="15" count="4" type="cond" truecount="4" falsecount="0"/>
        <line num="16" count="1" type="stmt"/>
        <line num="21" count="3" type="stmt"/>
        <line num="22" count="3" type="stmt"/>
        <line num="29" count="16" type="stmt"/>
        <line num="30" count="3" type="stmt"/>
        <line num="31" count="3" type="stmt"/>
        <line num="32" count="3" type="stmt"/>
        <line num="38" count="16" type="stmt"/>
        <line num="39" count="3" type="cond" truecount="4" falsecount="0"/>
        <line num="40" count="1" type="stmt"/>
        <line num="46" count="16" type="stmt"/>
        <line num="47" count="1" type="stmt"/>
        <line num="50" count="16" type="stmt"/>
        <line num="55" count="9" type="cond" truecount="2" falsecount="0"/>
        <line num="56" count="8" type="cond" truecount="2" falsecount="0"/>
        <line num="57" count="9" type="stmt"/>
        <line num="60" count="9" type="cond" truecount="4" falsecount="0"/>
        <line num="62" count="2" type="stmt"/>
        <line num="63" count="2" type="stmt"/>
        <line num="65" count="3" type="stmt"/>
        <line num="66" count="3" type="stmt"/>
        <line num="68" count="1" type="stmt"/>
        <line num="69" count="1" type="stmt"/>
        <line num="71" count="2" type="stmt"/>
        <line num="72" count="2" type="stmt"/>
        <line num="75" count="8" type="cond" truecount="2" falsecount="0"/>
        <line num="76" count="1" type="stmt"/>
        <line num="78" count="7" type="stmt"/>
        <line num="82" count="16" type="stmt"/>
        <line num="86" count="16" type="stmt"/>
        <line num="95" count="11" type="cond" truecount="2" falsecount="0"/>
        <line num="96" count="10" type="stmt"/>
        <line num="97" count="10" type="cond" truecount="4" falsecount="0"/>
      </file>
    </package>
    <package name="webview.search">
      <metrics statements="174" coveredstatements="167" conditionals="115" coveredconditionals="102" methods="40" coveredmethods="38"/>
      <file name="SearchWidget.tsx" path="/Users/lakphy/projects/vibe-documents/webview/search/SearchWidget.tsx">
        <metrics statements="26" coveredstatements="26" conditionals="37" coveredconditionals="33" methods="5" coveredmethods="5"/>
        <line num="15" count="22" type="stmt"/>
        <line num="16" count="22" type="cond" truecount="2" falsecount="0"/>
        <line num="17" count="21" type="stmt"/>
        <line num="21" count="22" type="stmt"/>
        <line num="22" count="6" type="cond" truecount="2" falsecount="0"/>
        <line num="23" count="1" type="stmt"/>
        <line num="24" count="1" type="stmt"/>
        <line num="25" count="5" type="cond" truecount="4" falsecount="0"/>
        <line num="26" count="1" type="stmt"/>
        <line num="27" count="1" type="stmt"/>
        <line num="28" count="4" type="cond" truecount="2" falsecount="0"/>
        <line num="29" count="1" type="stmt"/>
        <line num="30" count="1" type="stmt"/>
        <line num="31" count="3" type="cond" truecount="5" falsecount="0"/>
        <line num="32" count="1" type="stmt"/>
        <line num="33" count="1" type="stmt"/>
        <line num="34" count="2" type="cond" truecount="5" falsecount="0"/>
        <line num="35" count="1" type="stmt"/>
        <line num="36" count="1" type="stmt"/>
        <line num="37" count="1" type="cond" truecount="3" falsecount="2"/>
        <line num="38" count="1" type="stmt"/>
        <line num="39" count="1" type="stmt"/>
        <line num="43" count="22" type="cond" truecount="2" falsecount="0"/>
        <line num="45" count="21" type="cond" truecount="2" falsecount="0"/>
        <line num="51" count="22" type="stmt"/>
        <line num="63" count="1" type="stmt"/>
      </file>
      <file name="domHighlighter.ts" path="/Users/lakphy/projects/vibe-documents/webview/search/domHighlighter.ts">
        <metrics statements="69" coveredstatements="65" conditionals="40" coveredconditionals="36" methods="8" coveredmethods="8"/>
        <line num="16" count="20" type="stmt"/>
        <line num="17" count="20" type="stmt"/>
        <line num="18" count="20" type="stmt"/>
        <line num="20" count="20" type="stmt"/>
        <line num="21" count="22" type="stmt"/>
        <line num="22" count="22" type="cond" truecount="1" falsecount="1"/>
        <line num="23" count="22" type="stmt"/>
        <line num="24" count="22" type="stmt"/>
        <line num="26" count="20" type="stmt"/>
        <line num="30" count="35" type="stmt"/>
        <line num="31" count="35" type="stmt"/>
        <line num="32" count="39" type="stmt"/>
        <line num="33" count="39" type="cond" truecount="2" falsecount="0"/>
        <line num="34" count="37" type="cond" truecount="2" falsecount="0"/>
        <line num="36" count="36" type="stmt"/>
        <line num="37" count="36" type="stmt"/>
        <line num="39" count="36" type="stmt"/>
        <line num="40" count="36" type="stmt"/>
        <line num="41" count="36" type="stmt"/>
        <line num="42" count="36" type="stmt"/>
        <line num="44" count="35" type="stmt"/>
        <line num="52" count="22" type="stmt"/>
        <line num="53" count="22" type="cond" truecount="2" falsecount="0"/>
        <line num="55" count="20" type="stmt"/>
        <line num="56" count="20" type="cond" truecount="2" falsecount="0"/>
        <line num="58" count="19" type="stmt"/>
        <line num="60" count="19" type="stmt"/>
        <line num="61" count="19" type="cond" truecount="2" falsecount="0"/>
        <line num="62" count="35" type="stmt"/>
        <line num="63" count="35" type="cond" truecount="1" falsecount="1"/>
        <line num="64" count="0" type="stmt"/>
        <line num="65" count="0" type="stmt"/>
        <line num="67" count="35" type="stmt"/>
        <line num="68" count="35" type="stmt"/>
        <line num="69" count="35" type="stmt"/>
        <line num="70" count="35" type="cond" truecount="1" falsecount="1"/>
        <line num="71" count="35" type="stmt"/>
        <line num="74" count="19" type="stmt"/>
        <line num="77" count="4" type="stmt"/>
        <line num="78" count="4" type="stmt"/>
        <line num="81" count="28" type="stmt"/>
        <line num="82" count="28" type="cond" truecount="4" falsecount="0"/>
        <line num="83" count="24" type="stmt"/>
        <line num="87" count="4" type="stmt"/>
        <line num="91" count="19" type="stmt"/>
        <line num="92" count="19" type="cond" truecount="2" falsecount="0"/>
        <line num="94" count="3" type="stmt"/>
        <line num="95" count="3" type="stmt"/>
        <line num="96" count="4" type="stmt"/>
        <line num="99" count="3" type="stmt"/>
        <line num="101" count="3" type="cond" truecount="4" falsecount="0"/>
        <line num="102" count="1" type="stmt"/>
        <line num="103" count="1" type="stmt"/>
        <line num="105" count="2" type="stmt"/>
        <line num="110" count="9" type="stmt"/>
        <line num="111" count="9" type="cond" truecount="2" falsecount="0"/>
        <line num="112" count="1" type="stmt"/>
        <line num="113" count="1" type="stmt"/>
        <line num="117" count="16" type="cond" truecount="2" falsecount="0"/>
        <line num="118" count="15" type="stmt"/>
        <line num="119" count="15" type="stmt"/>
        <line num="120" count="15" type="cond" truecount="4" falsecount="0"/>
        <line num="122" count="2" type="cond" truecount="1" falsecount="1"/>
        <line num="123" count="0" type="stmt"/>
        <line num="124" count="0" type="stmt"/>
        <line num="127" count="2" type="stmt"/>
        <line num="128" count="2" type="stmt"/>
        <line num="130" count="2" type="cond" truecount="4" falsecount="0"/>
        <line num="131" count="1" type="stmt"/>
      </file>
      <file name="regexUtils.ts" path="/Users/lakphy/projects/vibe-documents/webview/search/regexUtils.ts">
        <metrics statements="7" coveredstatements="7" conditionals="8" coveredconditionals="8" methods="2" coveredmethods="2"/>
        <line num="8" count="26" type="stmt"/>
        <line num="12" count="30" type="cond" truecount="2" falsecount="0"/>
        <line num="13" count="28" type="stmt"/>
        <line num="14" count="28" type="cond" truecount="2" falsecount="0"/>
        <line num="15" count="30" type="cond" truecount="2" falsecount="0"/>
        <line num="16" count="28" type="cond" truecount="2" falsecount="0"/>
        <line num="18" count="2" type="stmt"/>
      </file>
      <file name="useSearch.ts" path="/Users/lakphy/projects/vibe-documents/webview/search/useSearch.ts">
        <metrics statements="72" coveredstatements="69" conditionals="30" coveredconditionals="25" methods="25" coveredmethods="23"/>
        <line num="37" count="63" type="stmt"/>
        <line num="47" count="63" type="stmt"/>
        <line num="48" count="63" type="stmt"/>
        <line num="49" count="63" type="stmt"/>
        <line num="51" count="63" type="stmt"/>
        <line num="52" count="17" type="cond" truecount="2" falsecount="0"/>
        <line num="54" count="11" type="cond" truecount="2" falsecount="0"/>
        <line num="55" count="10" type="cond" truecount="1" falsecount="1"/>
        <line num="58" count="1" type="cond" truecount="1" falsecount="1"/>
        <line num="62" count="63" type="stmt"/>
        <line num="67" count="17" type="stmt"/>
        <line num="68" count="17" type="cond" truecount="2" falsecount="0"/>
        <line num="69" count="6" type="stmt"/>
        <line num="70" count="6" type="stmt"/>
        <line num="71" count="6" type="stmt"/>
        <line num="72" count="6" type="stmt"/>
        <line num="75" count="11" type="cond" truecount="2" falsecount="0"/>
        <line num="76" count="17" type="stmt"/>
        <line num="78" count="17" type="cond" truecount="2" falsecount="0"/>
        <line num="82" count="17" type="stmt"/>
        <line num="83" count="17" type="cond" truecount="2" falsecount="0"/>
        <line num="85" count="11" type="stmt"/>
        <line num="92" count="63" type="stmt"/>
        <line num="94" count="63" type="stmt"/>
        <line num="95" count="23" type="stmt"/>
        <line num="96" count="23" type="cond" truecount="2" falsecount="2"/>
        <line num="97" count="0" type="stmt"/>
        <line num="98" count="0" type="stmt"/>
        <line num="104" count="0" type="stmt"/>
        <line num="108" count="63" type="stmt"/>
        <line num="109" count="14" type="stmt"/>
        <line num="110" count="14" type="stmt"/>
        <line num="113" count="63" type="stmt"/>
        <line num="114" count="1" type="stmt"/>
        <line num="120" count="1" type="stmt"/>
        <line num="121" count="1" type="stmt"/>
        <line num="124" count="63" type="stmt"/>
        <line num="125" count="10" type="stmt"/>
        <line num="126" count="10" type="stmt"/>
        <line num="133" count="63" type="stmt"/>
        <line num="134" count="3" type="stmt"/>
        <line num="135" count="3" type="stmt"/>
        <line num="136" count="3" type="stmt"/>
        <line num="141" count="3" type="stmt"/>
        <line num="145" count="63" type="stmt"/>
        <line num="146" count="2" type="stmt"/>
        <line num="147" count="2" type="stmt"/>
        <line num="148" count="2" type="stmt"/>
        <line num="153" count="2" type="stmt"/>
        <line num="157" count="63" type="stmt"/>
        <line num="158" count="2" type="stmt"/>
        <line num="159" count="2" type="stmt"/>
        <line num="160" count="2" type="stmt"/>
        <line num="165" count="2" type="stmt"/>
        <line num="169" count="63" type="stmt"/>
        <line num="170" count="4" type="stmt"/>
        <line num="171" count="4" type="cond" truecount="2" falsecount="0"/>
        <line num="172" count="3" type="stmt"/>
        <line num="173" count="3" type="cond" truecount="2" falsecount="0"/>
        <line num="174" count="3" type="stmt"/>
        <line num="175" count="3" type="stmt"/>
        <line num="176" count="3" type="stmt"/>
        <line num="180" count="63" type="stmt"/>
        <line num="181" count="2" type="stmt"/>
        <line num="182" count="2" type="cond" truecount="2" falsecount="0"/>
        <line num="183" count="1" type="stmt"/>
        <line num="184" count="1" type="cond" truecount="1" falsecount="1"/>
        <line num="185" count="1" type="stmt"/>
        <line num="186" count="1" type="stmt"/>
        <line num="187" count="1" type="stmt"/>
        <line num="191" count="63" type="stmt"/>
        <line num="202" count="63" type="stmt"/>
      </file>
    </package>
  </project>
</coverage>
