{"/Users/lakphy/projects/vibe-documents/src/codeLensProvider.ts": {"path":"/Users/lakphy/projects/vibe-documents/src/codeLensProvider.ts","statementMap":{"0":{"start":{"line":6,"column":79},"end":{"line":19,"column":null}},"1":{"start":{"line":22,"column":31},"end":{"line":22,"column":52}},"2":{"start":{"line":25,"column":19},"end":{"line":25,"column":null}},"3":{"start":{"line":26,"column":18},"end":{"line":26,"column":46}},"4":{"start":{"line":27,"column":4},"end":{"line":33,"column":null}}},"fnMap":{"0":{"name":"(anonymous_0)","decl":{"start":{"line":22,"column":2},"end":{"line":22,"column":14}},"loc":{"start":{"line":22,"column":64},"end":{"line":22,"column":52}},"line":22},"1":{"name":"(anonymous_1)","decl":{"start":{"line":24,"column":2},"end":{"line":24,"column":20}},"loc":{"start":{"line":24,"column":70},"end":{"line":33,"column":null}},"line":24}},"branchMap":{"0":{"loc":{"start":{"line":22,"column":14},"end":{"line":22,"column":64}},"type":"default-arg","locations":[{"start":{"line":22,"column":52},"end":{"line":22,"column":64}}],"line":22}},"s":{"0":2,"1":41,"2":11,"3":11,"4":11},"f":{"0":41,"1":11},"b":{"0":[41]},"meta":{"lastBranch":1,"lastFunction":2,"lastStatement":5,"seen":{"s:6:79:19:Infinity":0,"f:22:2:22:14":0,"b:22:52:22:64":0,"s:22:31:22:52":1,"f:24:2:24:20":1,"s:25:19:25:Infinity":2,"s:26:18:26:46":3,"s:27:4:33:Infinity":4}}}
,"/Users/lakphy/projects/vibe-documents/src/customTextEditorProvider.ts": {"path":"/Users/lakphy/projects/vibe-documents/src/customTextEditorProvider.ts","statementMap":{"0":{"start":{"line":9,"column":31},"end":{"line":9,"column":65}},"1":{"start":{"line":7,"column":28},"end":{"line":7,"column":null}},"2":{"start":{"line":12,"column":4},"end":{"line":15,"column":null}},"3":{"start":{"line":13,"column":6},"end":{"line":15,"column":null}},"4":{"start":{"line":14,"column":8},"end":{"line":14,"column":null}},"5":{"start":{"line":15,"column":8},"end":{"line":15,"column":null}},"6":{"start":{"line":25,"column":24},"end":{"line":25,"column":47}},"7":{"start":{"line":26,"column":10},"end":{"line":26,"column":55}},"8":{"start":{"line":28,"column":48},"end":{"line":28,"column":65}},"9":{"start":{"line":30,"column":4},"end":{"line":30,"column":null}},"10":{"start":{"line":31,"column":4},"end":{"line":31,"column":null}},"11":{"start":{"line":33,"column":4},"end":{"line":33,"column":null}},"12":{"start":{"line":35,"column":10},"end":{"line":45,"column":null}},"13":{"start":{"line":36,"column":22},"end":{"line":36,"column":40}},"14":{"start":{"line":37,"column":6},"end":{"line":37,"column":null}},"15":{"start":{"line":37,"column":49},"end":{"line":37,"column":null}},"16":{"start":{"line":39,"column":6},"end":{"line":39,"column":null}},"17":{"start":{"line":40,"column":6},"end":{"line":45,"column":null}},"18":{"start":{"line":48,"column":10},"end":{"line":51,"column":null}},"19":{"start":{"line":49,"column":18},"end":{"line":49,"column":54}},"20":{"start":{"line":50,"column":6},"end":{"line":50,"column":null}},"21":{"start":{"line":50,"column":44},"end":{"line":50,"column":54}},"22":{"start":{"line":51,"column":6},"end":{"line":51,"column":null}},"23":{"start":{"line":54,"column":36},"end":{"line":59,"column":null}},"24":{"start":{"line":55,"column":22},"end":{"line":55,"column":71}},"25":{"start":{"line":56,"column":6},"end":{"line":57,"column":null}},"26":{"start":{"line":57,"column":8},"end":{"line":57,"column":null}},"27":{"start":{"line":59,"column":6},"end":{"line":59,"column":null}},"28":{"start":{"line":62,"column":25},"end":{"line":74,"column":null}},"29":{"start":{"line":63,"column":22},"end":{"line":65,"column":null}},"30":{"start":{"line":67,"column":6},"end":{"line":69,"column":null}},"31":{"start":{"line":68,"column":8},"end":{"line":68,"column":null}},"32":{"start":{"line":69,"column":8},"end":{"line":69,"column":null}},"33":{"start":{"line":72,"column":20},"end":{"line":72,"column":41}},"34":{"start":{"line":73,"column":6},"end":{"line":74,"column":null}},"35":{"start":{"line":74,"column":8},"end":{"line":74,"column":null}},"36":{"start":{"line":78,"column":27},"end":{"line":82,"column":null}},"37":{"start":{"line":79,"column":6},"end":{"line":80,"column":null}},"38":{"start":{"line":80,"column":8},"end":{"line":80,"column":null}},"39":{"start":{"line":84,"column":28},"end":{"line":93,"column":null}},"40":{"start":{"line":85,"column":6},"end":{"line":90,"column":null}},"41":{"start":{"line":86,"column":8},"end":{"line":86,"column":null}},"42":{"start":{"line":87,"column":13},"end":{"line":90,"column":null}},"43":{"start":{"line":88,"column":8},"end":{"line":88,"column":null}},"44":{"start":{"line":88,"column":43},"end":{"line":88,"column":83}},"45":{"start":{"line":89,"column":13},"end":{"line":90,"column":null}},"46":{"start":{"line":90,"column":8},"end":{"line":90,"column":null}},"47":{"start":{"line":90,"column":43},"end":{"line":90,"column":122}},"48":{"start":{"line":92,"column":6},"end":{"line":92,"column":null}},"49":{"start":{"line":95,"column":4},"end":{"line":99,"column":null}},"50":{"start":{"line":96,"column":6},"end":{"line":96,"column":null}},"51":{"start":{"line":97,"column":6},"end":{"line":97,"column":null}},"52":{"start":{"line":98,"column":6},"end":{"line":98,"column":null}}},"fnMap":{"0":{"name":"(anonymous_0)","decl":{"start":{"line":9,"column":2},"end":{"line":9,"column":14}},"loc":{"start":{"line":9,"column":65},"end":{"line":7,"column":null}},"line":9},"1":{"name":"(anonymous_1)","decl":{"start":{"line":11,"column":2},"end":{"line":11,"column":15}},"loc":{"start":{"line":11,"column":15},"end":{"line":15,"column":null}},"line":11},"2":{"name":"(anonymous_2)","decl":{"start":{"line":20,"column":8},"end":{"line":20,"column":null}},"loc":{"start":{"line":24,"column":19},"end":{"line":99,"column":null}},"line":24},"3":{"name":"(anonymous_3)","decl":{"start":{"line":35,"column":10},"end":{"line":35,"column":33}},"loc":{"start":{"line":35,"column":51},"end":{"line":45,"column":null}},"line":35},"4":{"name":"(anonymous_4)","decl":{"start":{"line":48,"column":10},"end":{"line":48,"column":38}},"loc":{"start":{"line":48,"column":65},"end":{"line":51,"column":null}},"line":48},"5":{"name":"(anonymous_5)","decl":{"start":{"line":50,"column":32},"end":{"line":50,"column":44}},"loc":{"start":{"line":50,"column":44},"end":{"line":50,"column":54}},"line":50},"6":{"name":"(anonymous_6)","decl":{"start":{"line":54,"column":36},"end":{"line":54,"column":43}},"loc":{"start":{"line":54,"column":63},"end":{"line":59,"column":null}},"line":54},"7":{"name":"(anonymous_7)","decl":{"start":{"line":62,"column":25},"end":{"line":62,"column":32}},"loc":{"start":{"line":62,"column":53},"end":{"line":74,"column":null}},"line":62},"8":{"name":"(anonymous_8)","decl":{"start":{"line":78,"column":44},"end":{"line":78,"column":68}},"loc":{"start":{"line":78,"column":77},"end":{"line":82,"column":null}},"line":78},"9":{"name":"(anonymous_9)","decl":{"start":{"line":84,"column":42},"end":{"line":84,"column":62}},"loc":{"start":{"line":84,"column":73},"end":{"line":93,"column":null}},"line":84},"10":{"name":"(anonymous_10)","decl":{"start":{"line":88,"column":15},"end":{"line":88,"column":43}},"loc":{"start":{"line":88,"column":43},"end":{"line":88,"column":83}},"line":88},"11":{"name":"(anonymous_11)","decl":{"start":{"line":90,"column":15},"end":{"line":90,"column":43}},"loc":{"start":{"line":90,"column":43},"end":{"line":90,"column":122}},"line":90},"12":{"name":"(anonymous_12)","decl":{"start":{"line":95,"column":10},"end":{"line":95,"column":29}},"loc":{"start":{"line":95,"column":29},"end":{"line":99,"column":null}},"line":95}},"branchMap":{"0":{"loc":{"start":{"line":13,"column":6},"end":{"line":15,"column":null}},"type":"if","locations":[{"start":{"line":13,"column":6},"end":{"line":15,"column":null}},{"start":{},"end":{}}],"line":13},"1":{"loc":{"start":{"line":35,"column":33},"end":{"line":35,"column":51}},"type":"default-arg","locations":[{"start":{"line":35,"column":41},"end":{"line":35,"column":51}}],"line":35},"2":{"loc":{"start":{"line":37,"column":6},"end":{"line":37,"column":null}},"type":"if","locations":[{"start":{"line":37,"column":6},"end":{"line":37,"column":null}},{"start":{},"end":{}}],"line":37},"3":{"loc":{"start":{"line":37,"column":10},"end":{"line":37,"column":49}},"type":"binary-expr","locations":[{"start":{"line":37,"column":10},"end":{"line":37,"column":20}},{"start":{"line":37,"column":20},"end":{"line":37,"column":49}}],"line":37},"4":{"loc":{"start":{"line":56,"column":6},"end":{"line":57,"column":null}},"type":"if","locations":[{"start":{"line":56,"column":6},"end":{"line":57,"column":null}},{"start":{},"end":{}}],"line":56},"5":{"loc":{"start":{"line":63,"column":22},"end":{"line":65,"column":null}},"type":"cond-expr","locations":[{"start":{"line":64,"column":10},"end":{"line":64,"column":48}},{"start":{"line":65,"column":10},"end":{"line":65,"column":null}}],"line":63},"6":{"loc":{"start":{"line":67,"column":6},"end":{"line":69,"column":null}},"type":"if","locations":[{"start":{"line":67,"column":6},"end":{"line":69,"column":null}},{"start":{},"end":{}}],"line":67},"7":{"loc":{"start":{"line":73,"column":6},"end":{"line":74,"column":null}},"type":"if","locations":[{"start":{"line":73,"column":6},"end":{"line":74,"column":null}},{"start":{},"end":{}}],"line":73},"8":{"loc":{"start":{"line":79,"column":6},"end":{"line":80,"column":null}},"type":"if","locations":[{"start":{"line":79,"column":6},"end":{"line":80,"column":null}},{"start":{},"end":{}}],"line":79},"9":{"loc":{"start":{"line":85,"column":6},"end":{"line":90,"column":null}},"type":"if","locations":[{"start":{"line":85,"column":6},"end":{"line":90,"column":null}},{"start":{"line":87,"column":13},"end":{"line":90,"column":null}}],"line":85},"10":{"loc":{"start":{"line":87,"column":13},"end":{"line":90,"column":null}},"type":"if","locations":[{"start":{"line":87,"column":13},"end":{"line":90,"column":null}},{"start":{"line":89,"column":13},"end":{"line":90,"column":null}}],"line":87},"11":{"loc":{"start":{"line":87,"column":17},"end":{"line":87,"column":81}},"type":"binary-expr","locations":[{"start":{"line":87,"column":17},"end":{"line":87,"column":44}},{"start":{"line":87,"column":44},"end":{"line":87,"column":81}}],"line":87},"12":{"loc":{"start":{"line":89,"column":13},"end":{"line":90,"column":null}},"type":"if","locations":[{"start":{"line":89,"column":13},"end":{"line":90,"column":null}},{"start":{},"end":{}}],"line":89},"13":{"loc":{"start":{"line":90,"column":56},"end":{"line":90,"column":122}},"type":"cond-expr","locations":[{"start":{"line":90,"column":94},"end":{"line":90,"column":112}},{"start":{"line":90,"column":112},"end":{"line":90,"column":122}}],"line":90}},"s":{"0":27,"1":27,"2":4,"3":2,"4":1,"5":1,"6":16,"7":16,"8":16,"9":16,"10":16,"11":16,"12":16,"13":7,"14":7,"15":1,"16":6,"17":6,"18":16,"19":6,"20":6,"21":0,"22":6,"23":16,"24":4,"25":4,"26":2,"27":4,"28":16,"29":4,"30":4,"31":1,"32":1,"33":3,"34":3,"35":1,"36":16,"37":4,"38":3,"39":16,"40":11,"41":4,"42":7,"43":2,"44":2,"45":5,"46":4,"47":4,"48":5,"49":16,"50":1,"51":1,"52":1},"f":{"0":27,"1":4,"2":16,"3":7,"4":6,"5":0,"6":4,"7":4,"8":4,"9":11,"10":2,"11":4,"12":1},"b":{"0":[1,1],"1":[7],"2":[1,6],"3":[7,3],"4":[2,2],"5":[2,2],"6":[1,3],"7":[1,2],"8":[3,1],"9":[4,7],"10":[2,5],"11":[7,2],"12":[4,1],"13":[2,2]},"meta":{"lastBranch":14,"lastFunction":13,"lastStatement":53,"seen":{"f:9:2:9:14":0,"s:9:31:9:65":0,"s:7:28:7:Infinity":1,"f:11:2:11:15":1,"s:12:4:15:Infinity":2,"b:13:6:15:Infinity:undefined:undefined:undefined:undefined":0,"s:13:6:15:Infinity":3,"s:14:8:14:Infinity":4,"s:15:8:15:Infinity":5,"f:20:8:20:Infinity":2,"s:25:24:25:47":6,"s:26:10:26:55":7,"s:28:48:28:65":8,"s:30:4:30:Infinity":9,"s:31:4:31:Infinity":10,"s:33:4:33:Infinity":11,"s:35:10:45:Infinity":12,"f:35:10:35:33":3,"b:35:41:35:51":1,"s:36:22:36:40":13,"b:37:6:37:Infinity:undefined:undefined:undefined:undefined":2,"s:37:6:37:Infinity":14,"b:37:10:37:20:37:20:37:49":3,"s:37:49:37:Infinity":15,"s:39:6:39:Infinity":16,"s:40:6:45:Infinity":17,"s:48:10:51:Infinity":18,"f:48:10:48:38":4,"s:49:18:49:54":19,"s:50:6:50:Infinity":20,"f:50:32:50:44":5,"s:50:44:50:54":21,"s:51:6:51:Infinity":22,"s:54:36:59:Infinity":23,"f:54:36:54:43":6,"s:55:22:55:71":24,"b:56:6:57:Infinity:undefined:undefined:undefined:undefined":4,"s:56:6:57:Infinity":25,"s:57:8:57:Infinity":26,"s:59:6:59:Infinity":27,"s:62:25:74:Infinity":28,"f:62:25:62:32":7,"s:63:22:65:Infinity":29,"b:64:10:64:48:65:10:65:Infinity":5,"b:67:6:69:Infinity:undefined:undefined:undefined:undefined":6,"s:67:6:69:Infinity":30,"s:68:8:68:Infinity":31,"s:69:8:69:Infinity":32,"s:72:20:72:41":33,"b:73:6:74:Infinity:undefined:undefined:undefined:undefined":7,"s:73:6:74:Infinity":34,"s:74:8:74:Infinity":35,"s:78:27:82:Infinity":36,"f:78:44:78:68":8,"b:79:6:80:Infinity:undefined:undefined:undefined:undefined":8,"s:79:6:80:Infinity":37,"s:80:8:80:Infinity":38,"s:84:28:93:Infinity":39,"f:84:42:84:62":9,"b:85:6:90:Infinity:87:13:90:Infinity":9,"s:85:6:90:Infinity":40,"s:86:8:86:Infinity":41,"b:87:13:90:Infinity:89:13:90:Infinity":10,"s:87:13:90:Infinity":42,"b:87:17:87:44:87:44:87:81":11,"s:88:8:88:Infinity":43,"f:88:15:88:43":10,"s:88:43:88:83":44,"b:89:13:90:Infinity:undefined:undefined:undefined:undefined":12,"s:89:13:90:Infinity":45,"s:90:8:90:Infinity":46,"f:90:15:90:43":11,"s:90:43:90:122":47,"b:90:94:90:112:90:112:90:122":13,"s:92:6:92:Infinity":48,"s:95:4:99:Infinity":49,"f:95:10:95:29":12,"s:96:6:96:Infinity":50,"s:97:6:97:Infinity":51,"s:98:6:98:Infinity":52}}}
,"/Users/lakphy/projects/vibe-documents/src/editorTypes.ts": {"path":"/Users/lakphy/projects/vibe-documents/src/editorTypes.ts","statementMap":{"0":{"start":{"line":5,"column":66},"end":{"line":9,"column":null}},"1":{"start":{"line":12,"column":14},"end":{"line":12,"column":48}},"2":{"start":{"line":13,"column":2},"end":{"line":13,"column":null}},"3":{"start":{"line":13,"column":22},"end":{"line":13,"column":null}},"4":{"start":{"line":14,"column":2},"end":{"line":14,"column":null}},"5":{"start":{"line":14,"column":29},"end":{"line":14,"column":null}},"6":{"start":{"line":15,"column":2},"end":{"line":15,"column":null}},"7":{"start":{"line":19,"column":2},"end":{"line":19,"column":null}}},"fnMap":{"0":{"name":"inferFileType","decl":{"start":{"line":11,"column":16},"end":{"line":11,"column":30}},"loc":{"start":{"line":11,"column":56},"end":{"line":15,"column":null}},"line":11},"1":{"name":"getCustomEditorViewType","decl":{"start":{"line":18,"column":16},"end":{"line":18,"column":40}},"loc":{"start":{"line":18,"column":56},"end":{"line":19,"column":null}},"line":18}},"branchMap":{"0":{"loc":{"start":{"line":13,"column":2},"end":{"line":13,"column":null}},"type":"if","locations":[{"start":{"line":13,"column":2},"end":{"line":13,"column":null}},{"start":{},"end":{}}],"line":13},"1":{"loc":{"start":{"line":14,"column":2},"end":{"line":14,"column":null}},"type":"if","locations":[{"start":{"line":14,"column":2},"end":{"line":14,"column":null}},{"start":{},"end":{}}],"line":14}},"s":{"0":4,"1":30,"2":30,"3":6,"4":24,"5":4,"6":20,"7":8},"f":{"0":30,"1":8},"b":{"0":[6,24],"1":[4,20]},"meta":{"lastBranch":2,"lastFunction":2,"lastStatement":8,"seen":{"s:5:66:9:Infinity":0,"f:11:16:11:30":0,"s:12:14:12:48":1,"b:13:2:13:Infinity:undefined:undefined:undefined:undefined":0,"s:13:2:13:Infinity":2,"s:13:22:13:Infinity":3,"b:14:2:14:Infinity:undefined:undefined:undefined:undefined":1,"s:14:2:14:Infinity":4,"s:14:29:14:Infinity":5,"s:15:2:15:Infinity":6,"f:18:16:18:40":1,"s:19:2:19:Infinity":7}}}
,"/Users/lakphy/projects/vibe-documents/src/extension.ts": {"path":"/Users/lakphy/projects/vibe-documents/src/extension.ts","statementMap":{"0":{"start":{"line":7,"column":19},"end":{"line":7,"column":60}},"1":{"start":{"line":9,"column":8},"end":{"line":18,"column":null}},"2":{"start":{"line":10,"column":22},"end":{"line":10,"column":null}},"3":{"start":{"line":11,"column":4},"end":{"line":11,"column":null}},"4":{"start":{"line":11,"column":20},"end":{"line":11,"column":null}},"5":{"start":{"line":13,"column":4},"end":{"line":18,"column":null}},"6":{"start":{"line":21,"column":2},"end":{"line":64,"column":null}},"7":{"start":{"line":50,"column":6},"end":{"line":50,"column":null}},"8":{"start":{"line":53,"column":6},"end":{"line":53,"column":null}},"9":{"start":{"line":56,"column":6},"end":{"line":56,"column":null}},"10":{"start":{"line":59,"column":6},"end":{"line":59,"column":null}},"11":{"start":{"line":62,"column":6},"end":{"line":62,"column":null}}},"fnMap":{"0":{"name":"activate","decl":{"start":{"line":6,"column":16},"end":{"line":6,"column":25}},"loc":{"start":{"line":6,"column":59},"end":{"line":64,"column":null}},"line":6},"1":{"name":"(anonymous_1)","decl":{"start":{"line":9,"column":8},"end":{"line":9,"column":30}},"loc":{"start":{"line":9,"column":89},"end":{"line":18,"column":null}},"line":9},"2":{"name":"(anonymous_2)","decl":{"start":{"line":49,"column":36},"end":{"line":49,"column":66}},"loc":{"start":{"line":49,"column":87},"end":{"line":51,"column":null}},"line":49},"3":{"name":"(anonymous_3)","decl":{"start":{"line":52,"column":36},"end":{"line":52,"column":72}},"loc":{"start":{"line":52,"column":93},"end":{"line":54,"column":null}},"line":52},"4":{"name":"(anonymous_4)","decl":{"start":{"line":55,"column":36},"end":{"line":55,"column":76}},"loc":{"start":{"line":55,"column":97},"end":{"line":57,"column":null}},"line":55},"5":{"name":"(anonymous_5)","decl":{"start":{"line":58,"column":36},"end":{"line":58,"column":69}},"loc":{"start":{"line":58,"column":90},"end":{"line":60,"column":null}},"line":58},"6":{"name":"(anonymous_6)","decl":{"start":{"line":61,"column":36},"end":{"line":61,"column":70}},"loc":{"start":{"line":61,"column":70},"end":{"line":63,"column":null}},"line":61},"7":{"name":"deactivate","decl":{"start":{"line":67,"column":16},"end":{"line":67,"column":29}},"loc":{"start":{"line":67,"column":29},"end":{"line":67,"column":null}},"line":67}},"branchMap":{"0":{"loc":{"start":{"line":10,"column":22},"end":{"line":10,"column":null}},"type":"binary-expr","locations":[{"start":{"line":10,"column":22},"end":{"line":10,"column":29}},{"start":{"line":10,"column":29},"end":{"line":10,"column":null}}],"line":10},"1":{"loc":{"start":{"line":11,"column":4},"end":{"line":11,"column":null}},"type":"if","locations":[{"start":{"line":11,"column":4},"end":{"line":11,"column":null}},{"start":{},"end":{}}],"line":11}},"s":{"0":10,"1":10,"2":6,"3":6,"4":1,"5":5,"6":10,"7":3,"8":1,"9":1,"10":1,"11":0},"f":{"0":10,"1":6,"2":3,"3":1,"4":1,"5":1,"6":0,"7":1},"b":{"0":[6,2],"1":[1,5]},"meta":{"lastBranch":2,"lastFunction":8,"lastStatement":12,"seen":{"f:6:16:6:25":0,"s:7:19:7:60":0,"s:9:8:18:Infinity":1,"f:9:8:9:30":1,"s:10:22:10:Infinity":2,"b:10:22:10:29:10:29:10:Infinity":0,"b:11:4:11:Infinity:undefined:undefined:undefined:undefined":1,"s:11:4:11:Infinity":3,"s:11:20:11:Infinity":4,"s:13:4:18:Infinity":5,"s:21:2:64:Infinity":6,"f:49:36:49:66":2,"s:50:6:50:Infinity":7,"f:52:36:52:72":3,"s:53:6:53:Infinity":8,"f:55:36:55:76":4,"s:56:6:56:Infinity":9,"f:58:36:58:69":5,"s:59:6:59:Infinity":10,"f:61:36:61:70":6,"s:62:6:62:Infinity":11,"f:67:16:67:29":7}}}
,"/Users/lakphy/projects/vibe-documents/src/textDocumentEdits.ts": {"path":"/Users/lakphy/projects/vibe-documents/src/textDocumentEdits.ts","statementMap":{"0":{"start":{"line":10,"column":22},"end":{"line":10,"column":40}},"1":{"start":{"line":11,"column":15},"end":{"line":11,"column":41}},"2":{"start":{"line":12,"column":15},"end":{"line":12,"column":null}},"3":{"start":{"line":13,"column":19},"end":{"line":13,"column":null}},"4":{"start":{"line":15,"column":2},"end":{"line":26,"column":null}},"5":{"start":{"line":16,"column":4},"end":{"line":26,"column":null}},"6":{"start":{"line":17,"column":6},"end":{"line":17,"column":null}},"7":{"start":{"line":18,"column":11},"end":{"line":26,"column":null}},"8":{"start":{"line":19,"column":20},"end":{"line":19,"column":47}},"9":{"start":{"line":20,"column":18},"end":{"line":20,"column":59}},"10":{"start":{"line":21,"column":6},"end":{"line":21,"column":null}},"11":{"start":{"line":22,"column":6},"end":{"line":22,"column":null}},"12":{"start":{"line":23,"column":6},"end":{"line":23,"column":null}},"13":{"start":{"line":24,"column":11},"end":{"line":26,"column":null}},"14":{"start":{"line":25,"column":6},"end":{"line":25,"column":null}},"15":{"start":{"line":26,"column":6},"end":{"line":26,"column":null}},"16":{"start":{"line":30,"column":2},"end":{"line":30,"column":null}},"17":{"start":{"line":34,"column":31},"end":{"line":34,"column":76}},"18":{"start":{"line":35,"column":2},"end":{"line":35,"column":null}},"19":{"start":{"line":35,"column":19},"end":{"line":35,"column":null}},"20":{"start":{"line":36,"column":2},"end":{"line":36,"column":null}}},"fnMap":{"0":{"name":"createTextDocumentEdit","decl":{"start":{"line":9,"column":16},"end":{"line":9,"column":39}},"loc":{"start":{"line":9,"column":111},"end":{"line":30,"column":null}},"line":9},"1":{"name":"applyTextDocumentContent","decl":{"start":{"line":33,"column":22},"end":{"line":33,"column":47}},"loc":{"start":{"line":33,"column":99},"end":{"line":36,"column":null}},"line":33}},"branchMap":{"0":{"loc":{"start":{"line":16,"column":4},"end":{"line":26,"column":null}},"type":"if","locations":[{"start":{"line":16,"column":4},"end":{"line":26,"column":null}},{"start":{"line":18,"column":11},"end":{"line":26,"column":null}}],"line":16},"1":{"loc":{"start":{"line":18,"column":11},"end":{"line":26,"column":null}},"type":"if","locations":[{"start":{"line":18,"column":11},"end":{"line":26,"column":null}},{"start":{"line":24,"column":11},"end":{"line":26,"column":null}}],"line":18},"2":{"loc":{"start":{"line":24,"column":11},"end":{"line":26,"column":null}},"type":"if","locations":[{"start":{"line":24,"column":11},"end":{"line":26,"column":null}},{"start":{},"end":{}}],"line":24},"3":{"loc":{"start":{"line":35,"column":2},"end":{"line":35,"column":null}},"type":"if","locations":[{"start":{"line":35,"column":2},"end":{"line":35,"column":null}},{"start":{},"end":{}}],"line":35}},"s":{"0":8,"1":8,"2":8,"3":8,"4":8,"5":43,"6":20,"7":23,"8":15,"9":15,"10":15,"11":15,"12":15,"13":8,"14":8,"15":8,"16":8,"17":4,"18":4,"19":0,"20":4},"f":{"0":8,"1":4},"b":{"0":[20,23],"1":[15,8],"2":[8,0],"3":[0,4]},"meta":{"lastBranch":4,"lastFunction":2,"lastStatement":21,"seen":{"f:9:16:9:39":0,"s:10:22:10:40":0,"s:11:15:11:41":1,"s:12:15:12:Infinity":2,"s:13:19:13:Infinity":3,"s:15:2:26:Infinity":4,"b:16:4:26:Infinity:18:11:26:Infinity":0,"s:16:4:26:Infinity":5,"s:17:6:17:Infinity":6,"b:18:11:26:Infinity:24:11:26:Infinity":1,"s:18:11:26:Infinity":7,"s:19:20:19:47":8,"s:20:18:20:59":9,"s:21:6:21:Infinity":10,"s:22:6:22:Infinity":11,"s:23:6:23:Infinity":12,"b:24:11:26:Infinity:undefined:undefined:undefined:undefined":2,"s:24:11:26:Infinity":13,"s:25:6:25:Infinity":14,"s:26:6:26:Infinity":15,"s:30:2:30:Infinity":16,"f:33:22:33:47":1,"s:34:31:34:76":17,"b:35:2:35:Infinity:undefined:undefined:undefined:undefined":3,"s:35:2:35:Infinity":18,"s:35:19:35:Infinity":19,"s:36:2:36:Infinity":20}}}
,"/Users/lakphy/projects/vibe-documents/src/utils.ts": {"path":"/Users/lakphy/projects/vibe-documents/src/utils.ts","statementMap":{"0":{"start":{"line":1,"column":20},"end":{"line":1,"column":null}},"1":{"start":{"line":2,"column":21},"end":{"line":2,"column":null}},"2":{"start":{"line":5,"column":13},"end":{"line":5,"column":null}},"3":{"start":{"line":6,"column":2},"end":{"line":7,"column":null}},"4":{"start":{"line":6,"column":15},"end":{"line":6,"column":18}},"5":{"start":{"line":7,"column":4},"end":{"line":7,"column":null}},"6":{"start":{"line":9,"column":2},"end":{"line":9,"column":null}},"7":{"start":{"line":20,"column":50},"end":{"line":20,"column":null}},"8":{"start":{"line":21,"column":2},"end":{"line":39,"column":null}},"9":{"start":{"line":45,"column":2},"end":{"line":45,"column":null}},"10":{"start":{"line":45,"column":12},"end":{"line":45,"column":null}},"11":{"start":{"line":46,"column":2},"end":{"line":46,"column":null}},"12":{"start":{"line":46,"column":57},"end":{"line":46,"column":null}},"13":{"start":{"line":47,"column":2},"end":{"line":47,"column":null}},"14":{"start":{"line":47,"column":16},"end":{"line":47,"column":null}},"15":{"start":{"line":48,"column":2},"end":{"line":48,"column":null}}},"fnMap":{"0":{"name":"getNonce","decl":{"start":{"line":4,"column":16},"end":{"line":4,"column":35}},"loc":{"start":{"line":4,"column":35},"end":{"line":9,"column":null}},"line":4},"1":{"name":"buildPreviewHtml","decl":{"start":{"line":19,"column":16},"end":{"line":19,"column":33}},"loc":{"start":{"line":19,"column":69},"end":{"line":39,"column":null}},"line":19},"2":{"name":"resolveImageSrc","decl":{"start":{"line":44,"column":16},"end":{"line":44,"column":32}},"loc":{"start":{"line":44,"column":70},"end":{"line":48,"column":null}},"line":44}},"branchMap":{"0":{"loc":{"start":{"line":45,"column":2},"end":{"line":45,"column":null}},"type":"if","locations":[{"start":{"line":45,"column":2},"end":{"line":45,"column":null}},{"start":{},"end":{}}],"line":45},"1":{"loc":{"start":{"line":46,"column":2},"end":{"line":46,"column":null}},"type":"if","locations":[{"start":{"line":46,"column":2},"end":{"line":46,"column":null}},{"start":{},"end":{}}],"line":46},"2":{"loc":{"start":{"line":46,"column":6},"end":{"line":46,"column":55}},"type":"binary-expr","locations":[{"start":{"line":46,"column":6},"end":{"line":46,"column":28}},{"start":{"line":46,"column":32},"end":{"line":46,"column":55}}],"line":46},"3":{"loc":{"start":{"line":47,"column":2},"end":{"line":47,"column":null}},"type":"if","locations":[{"start":{"line":47,"column":2},"end":{"line":47,"column":null}},{"start":{},"end":{}}],"line":47}},"s":{"0":6,"1":6,"2":121,"3":121,"4":121,"5":3872,"6":121,"7":31,"8":31,"9":11,"10":1,"11":10,"12":5,"13":5,"14":2,"15":3},"f":{"0":121,"1":31,"2":11},"b":{"0":[1,10],"1":[5,5],"2":[10,7],"3":[2,3]},"meta":{"lastBranch":4,"lastFunction":3,"lastStatement":16,"seen":{"s:1:20:1:Infinity":0,"s:2:21:2:Infinity":1,"f:4:16:4:35":0,"s:5:13:5:Infinity":2,"s:6:2:7:Infinity":3,"s:6:15:6:18":4,"s:7:4:7:Infinity":5,"s:9:2:9:Infinity":6,"f:19:16:19:33":1,"s:20:50:20:Infinity":7,"s:21:2:39:Infinity":8,"f:44:16:44:32":2,"b:45:2:45:Infinity:undefined:undefined:undefined:undefined":0,"s:45:2:45:Infinity":9,"s:45:12:45:Infinity":10,"b:46:2:46:Infinity:undefined:undefined:undefined:undefined":1,"s:46:2:46:Infinity":11,"b:46:6:46:28:46:32:46:55":2,"s:46:57:46:Infinity":12,"b:47:2:47:Infinity:undefined:undefined:undefined:undefined":3,"s:47:2:47:Infinity":13,"s:47:16:47:Infinity":14,"s:48:2:48:Infinity":15}}}
,"/Users/lakphy/projects/vibe-documents/src/webviewHost.ts": {"path":"/Users/lakphy/projects/vibe-documents/src/webviewHost.ts","statementMap":{"0":{"start":{"line":10,"column":2},"end":{"line":18,"column":null}},"1":{"start":{"line":16,"column":59},"end":{"line":16,"column":70}},"2":{"start":{"line":20,"column":27},"end":{"line":20,"column":85}},"3":{"start":{"line":21,"column":20},"end":{"line":22,"column":null}},"4":{"start":{"line":24,"column":17},"end":{"line":25,"column":null}},"5":{"start":{"line":28,"column":2},"end":{"line":33,"column":null}},"6":{"start":{"line":37,"column":2},"end":{"line":37,"column":null}}},"fnMap":{"0":{"name":"configureEditorWebview","decl":{"start":{"line":5,"column":16},"end":{"line":5,"column":null}},"loc":{"start":{"line":9,"column":2},"end":{"line":33,"column":null}},"line":9},"1":{"name":"(anonymous_1)","decl":{"start":{"line":16,"column":45},"end":{"line":16,"column":49}},"loc":{"start":{"line":16,"column":59},"end":{"line":16,"column":70}},"line":16},"2":{"name":"getResourceBaseUri","decl":{"start":{"line":36,"column":16},"end":{"line":36,"column":35}},"loc":{"start":{"line":36,"column":88},"end":{"line":37,"column":null}},"line":36}},"branchMap":{"0":{"loc":{"start":{"line":16,"column":10},"end":{"line":16,"column":null}},"type":"binary-expr","locations":[{"start":{"line":16,"column":10},"end":{"line":16,"column":70}},{"start":{"line":16,"column":74},"end":{"line":16,"column":null}}],"line":16}},"s":{"0":19,"1":18,"2":19,"3":19,"4":19,"5":19,"6":7},"f":{"0":19,"1":18,"2":7},"b":{"0":[19,1]},"meta":{"lastBranch":1,"lastFunction":3,"lastStatement":7,"seen":{"f:5:16:5:Infinity":0,"s:10:2:18:Infinity":0,"b:16:10:16:70:16:74:16:Infinity":0,"f:16:45:16:49":1,"s:16:59:16:70":1,"s:20:27:20:85":2,"s:21:20:22:Infinity":3,"s:24:17:25:Infinity":4,"s:28:2:33:Infinity":5,"f:36:16:36:35":2,"s:37:2:37:Infinity":6}}}
,"/Users/lakphy/projects/vibe-documents/test/__mocks__/vscode.ts": {"path":"/Users/lakphy/projects/vibe-documents/test/__mocks__/vscode.ts","statementMap":{"0":{"start":{"line":3,"column":19},"end":{"line":16,"column":null}},"1":{"start":{"line":4,"column":27},"end":{"line":9,"column":null}},"2":{"start":{"line":6,"column":20},"end":{"line":6,"column":null}},"3":{"start":{"line":10,"column":27},"end":{"line":15,"column":null}},"4":{"start":{"line":12,"column":20},"end":{"line":12,"column":null}},"5":{"start":{"line":18,"column":7},"end":{"line":23,"column":null}},"6":{"start":{"line":19,"column":2},"end":{"line":19,"column":null}},"7":{"start":{"line":20,"column":2},"end":{"line":20,"column":null}},"8":{"start":{"line":21,"column":2},"end":{"line":21,"column":null}},"9":{"start":{"line":22,"column":2},"end":{"line":22,"column":null}},"10":{"start":{"line":25,"column":6},"end":{"line":25,"column":null}},"11":{"start":{"line":25,"column":36},"end":{"line":25,"column":56}},"12":{"start":{"line":27,"column":6},"end":{"line":37,"column":null}},"13":{"start":{"line":27,"column":33},"end":{"line":37,"column":null}},"14":{"start":{"line":31,"column":37},"end":{"line":34,"column":5}},"15":{"start":{"line":33,"column":20},"end":{"line":33,"column":null}},"16":{"start":{"line":36,"column":35},"end":{"line":36,"column":57}},"17":{"start":{"line":39,"column":6},"end":{"line":58,"column":null}},"18":{"start":{"line":40,"column":18},"end":{"line":40,"column":37}},"19":{"start":{"line":42,"column":2},"end":{"line":58,"column":null}},"20":{"start":{"line":45,"column":25},"end":{"line":45,"column":44}},"21":{"start":{"line":47,"column":6},"end":{"line":47,"column":null}},"22":{"start":{"line":48,"column":6},"end":{"line":48,"column":null}},"23":{"start":{"line":50,"column":38},"end":{"line":50,"column":60}},"24":{"start":{"line":57,"column":28},"end":{"line":57,"column":null}},"25":{"start":{"line":61,"column":22},"end":{"line":71,"column":null}},"26":{"start":{"line":63,"column":18},"end":{"line":63,"column":35}},"27":{"start":{"line":64,"column":4},"end":{"line":64,"column":null}},"28":{"start":{"line":65,"column":4},"end":{"line":65,"column":null}},"29":{"start":{"line":67,"column":93},"end":{"line":67,"column":115}},"30":{"start":{"line":73,"column":6},"end":{"line":78,"column":null}},"31":{"start":{"line":73,"column":43},"end":{"line":78,"column":null}},"32":{"start":{"line":74,"column":27},"end":{"line":74,"column":49}},"33":{"start":{"line":75,"column":27},"end":{"line":75,"column":49}},"34":{"start":{"line":76,"column":27},"end":{"line":76,"column":49}},"35":{"start":{"line":80,"column":25},"end":{"line":93,"column":null}},"36":{"start":{"line":82,"column":19},"end":{"line":82,"column":null}},"37":{"start":{"line":88,"column":39},"end":{"line":88,"column":68}},"38":{"start":{"line":89,"column":39},"end":{"line":89,"column":61}},"39":{"start":{"line":90,"column":37},"end":{"line":90,"column":59}},"40":{"start":{"line":96,"column":126},"end":{"line":96,"column":null}},"41":{"start":{"line":98,"column":4},"end":{"line":98,"column":null}},"42":{"start":{"line":101,"column":4},"end":{"line":101,"column":null}},"43":{"start":{"line":104,"column":4},"end":{"line":104,"column":null}},"44":{"start":{"line":107,"column":4},"end":{"line":107,"column":null}},"45":{"start":{"line":115,"column":4},"end":{"line":120,"column":null}},"46":{"start":{"line":116,"column":6},"end":{"line":116,"column":null}},"47":{"start":{"line":117,"column":6},"end":{"line":117,"column":null}},"48":{"start":{"line":119,"column":6},"end":{"line":119,"column":null}},"49":{"start":{"line":120,"column":6},"end":{"line":120,"column":null}},"50":{"start":{"line":127,"column":20},"end":{"line":127,"column":null}},"51":{"start":{"line":128,"column":20},"end":{"line":128,"column":null}},"52":{"start":{"line":136,"column":4},"end":{"line":136,"column":null}},"53":{"start":{"line":137,"column":4},"end":{"line":137,"column":null}},"54":{"start":{"line":141,"column":24},"end":{"line":146,"column":null}},"55":{"start":{"line":143,"column":4},"end":{"line":143,"column":null}},"56":{"start":{"line":148,"column":25},"end":{"line":151,"column":null}},"57":{"start":{"line":150,"column":4},"end":{"line":150,"column":null}},"58":{"start":{"line":155,"column":30},"end":{"line":155,"column":42}},"59":{"start":{"line":160,"column":20},"end":{"line":160,"column":null}},"60":{"start":{"line":161,"column":20},"end":{"line":161,"column":null}}},"fnMap":{"0":{"name":"(anonymous_0)","decl":{"start":{"line":4,"column":2},"end":{"line":4,"column":9}},"loc":{"start":{"line":4,"column":27},"end":{"line":9,"column":null}},"line":4},"1":{"name":"(anonymous_1)","decl":{"start":{"line":6,"column":4},"end":{"line":6,"column":20}},"loc":{"start":{"line":6,"column":20},"end":{"line":6,"column":null}},"line":6},"2":{"name":"(anonymous_2)","decl":{"start":{"line":10,"column":2},"end":{"line":10,"column":10}},"loc":{"start":{"line":10,"column":27},"end":{"line":15,"column":null}},"line":10},"3":{"name":"(anonymous_3)","decl":{"start":{"line":12,"column":4},"end":{"line":12,"column":20}},"loc":{"start":{"line":12,"column":20},"end":{"line":12,"column":null}},"line":12},"4":{"name":"(anonymous_4)","decl":{"start":{"line":18,"column":7},"end":{"line":18,"column":12}},"loc":{"start":{"line":18,"column":7},"end":{"line":23,"column":null}},"line":18},"5":{"name":"(anonymous_5)","decl":{"start":{"line":25,"column":6},"end":{"line":25,"column":36}},"loc":{"start":{"line":25,"column":36},"end":{"line":25,"column":56}},"line":25},"6":{"name":"(anonymous_6)","decl":{"start":{"line":27,"column":6},"end":{"line":27,"column":33}},"loc":{"start":{"line":27,"column":33},"end":{"line":37,"column":null}},"line":27},"7":{"name":"(anonymous_7)","decl":{"start":{"line":31,"column":19},"end":{"line":31,"column":23}},"loc":{"start":{"line":31,"column":37},"end":{"line":34,"column":5}},"line":31},"8":{"name":"(anonymous_8)","decl":{"start":{"line":33,"column":4},"end":{"line":33,"column":20}},"loc":{"start":{"line":33,"column":20},"end":{"line":33,"column":null}},"line":33},"9":{"name":"(anonymous_9)","decl":{"start":{"line":36,"column":26},"end":{"line":36,"column":35}},"loc":{"start":{"line":36,"column":35},"end":{"line":36,"column":57}},"line":36},"10":{"name":"(anonymous_10)","decl":{"start":{"line":39,"column":6},"end":{"line":39,"column":30}},"loc":{"start":{"line":39,"column":30},"end":{"line":58,"column":null}},"line":39},"11":{"name":"(anonymous_11)","decl":{"start":{"line":45,"column":16},"end":{"line":45,"column":25}},"loc":{"start":{"line":45,"column":25},"end":{"line":45,"column":44}},"line":45},"12":{"name":"(anonymous_12)","decl":{"start":{"line":46,"column":21},"end":{"line":46,"column":25}},"loc":{"start":{"line":46,"column":44},"end":{"line":49,"column":null}},"line":46},"13":{"name":"(anonymous_13)","decl":{"start":{"line":50,"column":29},"end":{"line":50,"column":38}},"loc":{"start":{"line":50,"column":38},"end":{"line":50,"column":60}},"line":50},"14":{"name":"(anonymous_14)","decl":{"start":{"line":57,"column":4},"end":{"line":57,"column":28}},"loc":{"start":{"line":57,"column":28},"end":{"line":57,"column":null}},"line":57},"15":{"name":"(anonymous_15)","decl":{"start":{"line":62,"column":25},"end":{"line":62,"column":29}},"loc":{"start":{"line":62,"column":66},"end":{"line":66,"column":null}},"line":62},"16":{"name":"(anonymous_16)","decl":{"start":{"line":67,"column":35},"end":{"line":67,"column":39}},"loc":{"start":{"line":67,"column":93},"end":{"line":67,"column":115}},"line":67},"17":{"name":"(anonymous_17)","decl":{"start":{"line":73,"column":6},"end":{"line":73,"column":43}},"loc":{"start":{"line":73,"column":43},"end":{"line":78,"column":null}},"line":73},"18":{"name":"(anonymous_18)","decl":{"start":{"line":74,"column":18},"end":{"line":74,"column":27}},"loc":{"start":{"line":74,"column":27},"end":{"line":74,"column":49}},"line":74},"19":{"name":"(anonymous_19)","decl":{"start":{"line":75,"column":18},"end":{"line":75,"column":27}},"loc":{"start":{"line":75,"column":27},"end":{"line":75,"column":49}},"line":75},"20":{"name":"(anonymous_20)","decl":{"start":{"line":76,"column":18},"end":{"line":76,"column":27}},"loc":{"start":{"line":76,"column":27},"end":{"line":76,"column":49}},"line":76},"21":{"name":"(anonymous_21)","decl":{"start":{"line":82,"column":4},"end":{"line":82,"column":19}},"loc":{"start":{"line":82,"column":19},"end":{"line":82,"column":null}},"line":82},"22":{"name":"(anonymous_22)","decl":{"start":{"line":88,"column":30},"end":{"line":88,"column":39}},"loc":{"start":{"line":88,"column":39},"end":{"line":88,"column":68}},"line":88},"23":{"name":"(anonymous_23)","decl":{"start":{"line":89,"column":30},"end":{"line":89,"column":39}},"loc":{"start":{"line":89,"column":39},"end":{"line":89,"column":61}},"line":89},"24":{"name":"(anonymous_24)","decl":{"start":{"line":90,"column":28},"end":{"line":90,"column":37}},"loc":{"start":{"line":90,"column":37},"end":{"line":90,"column":59}},"line":90},"25":{"name":"(anonymous_25)","decl":{"start":{"line":97,"column":2},"end":{"line":97,"column":10}},"loc":{"start":{"line":97,"column":49},"end":{"line":98,"column":null}},"line":97},"26":{"name":"(anonymous_26)","decl":{"start":{"line":100,"column":2},"end":{"line":100,"column":9}},"loc":{"start":{"line":100,"column":51},"end":{"line":101,"column":null}},"line":100},"27":{"name":"(anonymous_27)","decl":{"start":{"line":103,"column":2},"end":{"line":103,"column":9}},"loc":{"start":{"line":103,"column":31},"end":{"line":104,"column":null}},"line":103},"28":{"name":"(anonymous_28)","decl":{"start":{"line":106,"column":2},"end":{"line":106,"column":13}},"loc":{"start":{"line":106,"column":13},"end":{"line":107,"column":null}},"line":106},"29":{"name":"(anonymous_29)","decl":{"start":{"line":114,"column":2},"end":{"line":114,"column":14}},"loc":{"start":{"line":114,"column":101},"end":{"line":120,"column":null}},"line":114},"30":{"name":"(anonymous_30)","decl":{"start":{"line":126,"column":2},"end":{"line":126,"column":null}},"loc":{"start":{"line":129,"column":4},"end":{"line":128,"column":null}},"line":129},"31":{"name":"(anonymous_31)","decl":{"start":{"line":135,"column":2},"end":{"line":135,"column":14}},"loc":{"start":{"line":135,"column":43},"end":{"line":137,"column":null}},"line":135},"32":{"name":"(anonymous_32)","decl":{"start":{"line":142,"column":22},"end":{"line":142,"column":26}},"loc":{"start":{"line":142,"column":81},"end":{"line":144,"column":null}},"line":142},"33":{"name":"(anonymous_33)","decl":{"start":{"line":149,"column":31},"end":{"line":149,"column":35}},"loc":{"start":{"line":149,"column":70},"end":{"line":151,"column":null}},"line":149},"34":{"name":"(anonymous_34)","decl":{"start":{"line":155,"column":2},"end":{"line":155,"column":14}},"loc":{"start":{"line":155,"column":42},"end":{"line":155,"column":42}},"line":155},"35":{"name":"(anonymous_35)","decl":{"start":{"line":159,"column":2},"end":{"line":159,"column":null}},"loc":{"start":{"line":162,"column":4},"end":{"line":161,"column":null}},"line":162}},"branchMap":{"0":{"loc":{"start":{"line":33,"column":42},"end":{"line":33,"column":null}},"type":"binary-expr","locations":[{"start":{"line":33,"column":42},"end":{"line":33,"column":54}},{"start":{"line":33,"column":54},"end":{"line":33,"column":null}}],"line":33},"1":{"loc":{"start":{"line":115,"column":4},"end":{"line":120,"column":null}},"type":"if","locations":[{"start":{"line":115,"column":4},"end":{"line":120,"column":null}},{"start":{"line":118,"column":11},"end":{"line":120,"column":null}}],"line":115},"2":{"loc":{"start":{"line":115,"column":8},"end":{"line":115,"column":72}},"type":"binary-expr","locations":[{"start":{"line":115,"column":8},"end":{"line":115,"column":41}},{"start":{"line":115,"column":41},"end":{"line":115,"column":72}}],"line":115},"3":{"loc":{"start":{"line":117,"column":25},"end":{"line":117,"column":47}},"type":"binary-expr","locations":[{"start":{"line":117,"column":25},"end":{"line":117,"column":36}},{"start":{"line":117,"column":36},"end":{"line":117,"column":47}}],"line":117},"4":{"loc":{"start":{"line":117,"column":58},"end":{"line":117,"column":80}},"type":"binary-expr","locations":[{"start":{"line":117,"column":58},"end":{"line":117,"column":69}},{"start":{"line":117,"column":69},"end":{"line":117,"column":80}}],"line":117}},"s":{"0":6,"1":155,"2":20,"3":0,"4":0,"5":6,"6":6,"7":6,"8":6,"9":6,"10":6,"11":78,"12":6,"13":20,"14":45,"15":45,"16":16,"17":6,"18":20,"19":20,"20":0,"21":16,"22":16,"23":0,"24":1,"25":6,"26":0,"27":0,"28":0,"29":30,"30":6,"31":0,"32":0,"33":0,"34":0,"35":6,"36":0,"37":0,"38":16,"39":0,"40":8,"41":0,"42":8,"43":15,"44":5,"45":26,"46":11,"47":11,"48":15,"49":15,"50":38,"51":38,"52":11,"53":11,"54":6,"55":50,"56":6,"57":30,"58":16,"59":0,"60":0},"f":{"0":155,"1":20,"2":0,"3":0,"4":6,"5":78,"6":20,"7":45,"8":45,"9":16,"10":20,"11":0,"12":16,"13":0,"14":1,"15":0,"16":30,"17":0,"18":0,"19":0,"20":0,"21":0,"22":0,"23":16,"24":0,"25":0,"26":8,"27":15,"28":5,"29":26,"30":38,"31":11,"32":50,"33":30,"34":16,"35":0},"b":{"0":[45,0],"1":[11,15],"2":[26,11],"3":[11,0],"4":[11,0]},"meta":{"lastBranch":5,"lastFunction":36,"lastStatement":61,"seen":{"s:3:19:16:Infinity":0,"f:4:2:4:9":0,"s:4:27:9:Infinity":1,"f:6:4:6:20":1,"s:6:20:6:Infinity":2,"f:10:2:10:10":2,"s:10:27:15:Infinity":3,"f:12:4:12:20":3,"s:12:20:12:Infinity":4,"s:18:7:23:Infinity":5,"f:18:7:18:12":4,"s:19:2:19:Infinity":6,"s:20:2:20:Infinity":7,"s:21:2:21:Infinity":8,"s:22:2:22:Infinity":9,"s:25:6:25:Infinity":10,"f:25:6:25:36":5,"s:25:36:25:56":11,"s:27:6:37:Infinity":12,"f:27:6:27:33":6,"s:27:33:37:Infinity":13,"f:31:19:31:23":7,"s:31:37:34:5":14,"f:33:4:33:20":8,"s:33:20:33:Infinity":15,"b:33:42:33:54:33:54:33:Infinity":0,"f:36:26:36:35":9,"s:36:35:36:57":16,"s:39:6:58:Infinity":17,"f:39:6:39:30":10,"s:40:18:40:37":18,"s:42:2:58:Infinity":19,"f:45:16:45:25":11,"s:45:25:45:44":20,"f:46:21:46:25":12,"s:47:6:47:Infinity":21,"s:48:6:48:Infinity":22,"f:50:29:50:38":13,"s:50:38:50:60":23,"f:57:4:57:28":14,"s:57:28:57:Infinity":24,"s:61:22:71:Infinity":25,"f:62:25:62:29":15,"s:63:18:63:35":26,"s:64:4:64:Infinity":27,"s:65:4:65:Infinity":28,"f:67:35:67:39":16,"s:67:93:67:115":29,"s:73:6:78:Infinity":30,"f:73:6:73:43":17,"s:73:43:78:Infinity":31,"f:74:18:74:27":18,"s:74:27:74:49":32,"f:75:18:75:27":19,"s:75:27:75:49":33,"f:76:18:76:27":20,"s:76:27:76:49":34,"s:80:25:93:Infinity":35,"f:82:4:82:19":21,"s:82:19:82:Infinity":36,"f:88:30:88:39":22,"s:88:39:88:68":37,"f:89:30:89:39":23,"s:89:39:89:61":38,"f:90:28:90:37":24,"s:90:37:90:59":39,"s:96:126:96:Infinity":40,"f:97:2:97:10":25,"s:98:4:98:Infinity":41,"f:100:2:100:9":26,"s:101:4:101:Infinity":42,"f:103:2:103:9":27,"s:104:4:104:Infinity":43,"f:106:2:106:13":28,"s:107:4:107:Infinity":44,"f:114:2:114:14":29,"b:115:4:120:Infinity:118:11:120:Infinity":1,"s:115:4:120:Infinity":45,"b:115:8:115:41:115:41:115:72":2,"s:116:6:116:Infinity":46,"s:117:6:117:Infinity":47,"b:117:25:117:36:117:36:117:47":3,"b:117:58:117:69:117:69:117:80":4,"s:119:6:119:Infinity":48,"s:120:6:120:Infinity":49,"f:126:2:126:Infinity":30,"s:127:20:127:Infinity":50,"s:128:20:128:Infinity":51,"f:135:2:135:14":31,"s:136:4:136:Infinity":52,"s:137:4:137:Infinity":53,"s:141:24:146:Infinity":54,"f:142:22:142:26":32,"s:143:4:143:Infinity":55,"s:148:25:151:Infinity":56,"f:149:31:149:35":33,"s:150:4:150:Infinity":57,"f:155:2:155:14":34,"s:155:30:155:42":58,"f:159:2:159:Infinity":35,"s:160:20:160:Infinity":59,"s:161:20:161:Infinity":60}}}
,"/Users/lakphy/projects/vibe-documents/webview/MermaidBlock.tsx": {"path":"/Users/lakphy/projects/vibe-documents/webview/MermaidBlock.tsx","statementMap":{"0":{"start":{"line":45,"column":23},"end":{"line":45,"column":null}},"1":{"start":{"line":46,"column":26},"end":{"line":46,"column":null}},"2":{"start":{"line":47,"column":26},"end":{"line":47,"column":null}},"3":{"start":{"line":48,"column":26},"end":{"line":48,"column":null}},"4":{"start":{"line":49,"column":33},"end":{"line":49,"column":null}},"5":{"start":{"line":50,"column":52},"end":{"line":50,"column":null}},"6":{"start":{"line":53,"column":2},"end":{"line":53,"column":null}},"7":{"start":{"line":57,"column":2},"end":{"line":57,"column":null}},"8":{"start":{"line":61,"column":2},"end":{"line":63,"column":null}},"9":{"start":{"line":62,"column":4},"end":{"line":62,"column":null}},"10":{"start":{"line":63,"column":4},"end":{"line":63,"column":null}},"11":{"start":{"line":66,"column":19},"end":{"line":66,"column":53}},"12":{"start":{"line":67,"column":2},"end":{"line":67,"column":null}},"13":{"start":{"line":68,"column":2},"end":{"line":68,"column":null}},"14":{"start":{"line":69,"column":2},"end":{"line":69,"column":null}},"15":{"start":{"line":70,"column":2},"end":{"line":70,"column":null}},"16":{"start":{"line":71,"column":2},"end":{"line":71,"column":null}},"17":{"start":{"line":72,"column":2},"end":{"line":72,"column":null}},"18":{"start":{"line":73,"column":2},"end":{"line":73,"column":null}},"19":{"start":{"line":74,"column":18},"end":{"line":74,"column":46}},"20":{"start":{"line":75,"column":2},"end":{"line":75,"column":null}},"21":{"start":{"line":76,"column":2},"end":{"line":76,"column":null}},"22":{"start":{"line":76,"column":16},"end":{"line":76,"column":null}},"23":{"start":{"line":90,"column":8},"end":{"line":90,"column":49}},"24":{"start":{"line":92,"column":2},"end":{"line":98,"column":null}},"25":{"start":{"line":93,"column":20},"end":{"line":93,"column":null}},"26":{"start":{"line":94,"column":4},"end":{"line":94,"column":null}},"27":{"start":{"line":94,"column":18},"end":{"line":94,"column":null}},"28":{"start":{"line":96,"column":4},"end":{"line":96,"column":null}},"29":{"start":{"line":97,"column":4},"end":{"line":97,"column":null}},"30":{"start":{"line":97,"column":17},"end":{"line":97,"column":62}},"31":{"start":{"line":100,"column":2},"end":{"line":117,"column":null}},"32":{"start":{"line":109,"column":39},"end":{"line":109,"column":65}},"33":{"start":{"line":123,"column":19},"end":{"line":123,"column":70}},"34":{"start":{"line":124,"column":23},"end":{"line":124,"column":57}},"35":{"start":{"line":125,"column":17},"end":{"line":125,"column":45}},"36":{"start":{"line":126,"column":27},"end":{"line":126,"column":103}},"37":{"start":{"line":127,"column":14},"end":{"line":127,"column":36}},"38":{"start":{"line":128,"column":16},"end":{"line":128,"column":40}},"39":{"start":{"line":129,"column":8},"end":{"line":129,"column":59}},"40":{"start":{"line":130,"column":8},"end":{"line":130,"column":57}},"41":{"start":{"line":132,"column":8},"end":{"line":132,"column":59}},"42":{"start":{"line":132,"column":39},"end":{"line":132,"column":50}},"43":{"start":{"line":133,"column":8},"end":{"line":137,"column":null}},"44":{"start":{"line":134,"column":11},"end":{"line":135,"column":null}},"45":{"start":{"line":140,"column":2},"end":{"line":175,"column":null}},"46":{"start":{"line":141,"column":20},"end":{"line":141,"column":null}},"47":{"start":{"line":144,"column":6},"end":{"line":147,"column":null}},"48":{"start":{"line":145,"column":8},"end":{"line":145,"column":null}},"49":{"start":{"line":146,"column":8},"end":{"line":146,"column":null}},"50":{"start":{"line":147,"column":8},"end":{"line":147,"column":null}},"51":{"start":{"line":150,"column":6},"end":{"line":165,"column":null}},"52":{"start":{"line":151,"column":8},"end":{"line":151,"column":null}},"53":{"start":{"line":152,"column":8},"end":{"line":158,"column":null}},"54":{"start":{"line":159,"column":19},"end":{"line":159,"column":null}},"55":{"start":{"line":160,"column":23},"end":{"line":160,"column":66}},"56":{"start":{"line":161,"column":8},"end":{"line":161,"column":null}},"57":{"start":{"line":161,"column":24},"end":{"line":161,"column":null}},"58":{"start":{"line":163,"column":8},"end":{"line":165,"column":null}},"59":{"start":{"line":164,"column":10},"end":{"line":164,"column":null}},"60":{"start":{"line":165,"column":10},"end":{"line":165,"column":null}},"61":{"start":{"line":170,"column":4},"end":{"line":170,"column":null}},"62":{"start":{"line":172,"column":4},"end":{"line":173,"column":null}},"63":{"start":{"line":173,"column":6},"end":{"line":173,"column":null}},"64":{"start":{"line":177,"column":2},"end":{"line":179,"column":null}},"65":{"start":{"line":178,"column":4},"end":{"line":178,"column":null}},"66":{"start":{"line":178,"column":30},"end":{"line":178,"column":null}},"67":{"start":{"line":181,"column":2},"end":{"line":184,"column":null}},"68":{"start":{"line":182,"column":4},"end":{"line":182,"column":null}},"69":{"start":{"line":183,"column":4},"end":{"line":183,"column":null}},"70":{"start":{"line":186,"column":2},"end":{"line":190,"column":null}},"71":{"start":{"line":187,"column":4},"end":{"line":188,"column":null}},"72":{"start":{"line":188,"column":6},"end":{"line":188,"column":null}},"73":{"start":{"line":188,"column":45},"end":{"line":188,"column":null}},"74":{"start":{"line":192,"column":2},"end":{"line":207,"column":null}},"75":{"start":{"line":193,"column":4},"end":{"line":193,"column":null}},"76":{"start":{"line":193,"column":58},"end":{"line":193,"column":null}},"77":{"start":{"line":195,"column":29},"end":{"line":195,"column":null}},"78":{"start":{"line":196,"column":10},"end":{"line":197,"column":null}},"79":{"start":{"line":197,"column":6},"end":{"line":197,"column":null}},"80":{"start":{"line":197,"column":34},"end":{"line":197,"column":null}},"81":{"start":{"line":200,"column":4},"end":{"line":200,"column":null}},"82":{"start":{"line":201,"column":4},"end":{"line":201,"column":null}},"83":{"start":{"line":203,"column":4},"end":{"line":205,"column":null}},"84":{"start":{"line":204,"column":6},"end":{"line":204,"column":null}},"85":{"start":{"line":205,"column":6},"end":{"line":205,"column":null}},"86":{"start":{"line":209,"column":8},"end":{"line":211,"column":null}},"87":{"start":{"line":210,"column":4},"end":{"line":210,"column":null}},"88":{"start":{"line":210,"column":14},"end":{"line":210,"column":null}},"89":{"start":{"line":211,"column":4},"end":{"line":211,"column":null}},"90":{"start":{"line":214,"column":26},"end":{"line":222,"column":null}},"91":{"start":{"line":215,"column":4},"end":{"line":215,"column":null}},"92":{"start":{"line":215,"column":15},"end":{"line":215,"column":null}},"93":{"start":{"line":216,"column":4},"end":{"line":222,"column":null}},"94":{"start":{"line":217,"column":6},"end":{"line":217,"column":null}},"95":{"start":{"line":218,"column":6},"end":{"line":218,"column":null}},"96":{"start":{"line":219,"column":6},"end":{"line":219,"column":null}},"97":{"start":{"line":219,"column":45},"end":{"line":219,"column":null}},"98":{"start":{"line":220,"column":6},"end":{"line":220,"column":null}},"99":{"start":{"line":220,"column":52},"end":{"line":220,"column":68}},"100":{"start":{"line":222,"column":6},"end":{"line":222,"column":null}},"101":{"start":{"line":226,"column":8},"end":{"line":231,"column":8}},"102":{"start":{"line":227,"column":4},"end":{"line":230,"column":null}},"103":{"start":{"line":227,"column":38},"end":{"line":230,"column":7}},"104":{"start":{"line":233,"column":8},"end":{"line":235,"column":null}},"105":{"start":{"line":234,"column":4},"end":{"line":234,"column":null}},"106":{"start":{"line":235,"column":4},"end":{"line":235,"column":null}},"107":{"start":{"line":238,"column":8},"end":{"line":261,"column":31}},"108":{"start":{"line":239,"column":4},"end":{"line":239,"column":null}},"109":{"start":{"line":239,"column":14},"end":{"line":239,"column":null}},"110":{"start":{"line":240,"column":4},"end":{"line":240,"column":null}},"111":{"start":{"line":241,"column":4},"end":{"line":241,"column":null}},"112":{"start":{"line":243,"column":4},"end":{"line":243,"column":null}},"113":{"start":{"line":243,"column":80},"end":{"line":243,"column":null}},"114":{"start":{"line":246,"column":6},"end":{"line":249,"column":null}},"115":{"start":{"line":251,"column":4},"end":{"line":257,"column":null}},"116":{"start":{"line":252,"column":6},"end":{"line":256,"column":null}},"117":{"start":{"line":252,"column":40},"end":{"line":256,"column":9}},"118":{"start":{"line":257,"column":6},"end":{"line":257,"column":null}},"119":{"start":{"line":260,"column":4},"end":{"line":260,"column":null}},"120":{"start":{"line":263,"column":8},"end":{"line":276,"column":null}},"121":{"start":{"line":264,"column":4},"end":{"line":264,"column":null}},"122":{"start":{"line":264,"column":36},"end":{"line":264,"column":null}},"123":{"start":{"line":265,"column":4},"end":{"line":265,"column":null}},"124":{"start":{"line":265,"column":57},"end":{"line":265,"column":null}},"125":{"start":{"line":267,"column":4},"end":{"line":267,"column":null}},"126":{"start":{"line":268,"column":4},"end":{"line":274,"column":null}},"127":{"start":{"line":275,"column":4},"end":{"line":275,"column":null}},"128":{"start":{"line":276,"column":4},"end":{"line":276,"column":null}},"129":{"start":{"line":279,"column":8},"end":{"line":288,"column":null}},"130":{"start":{"line":280,"column":18},"end":{"line":280,"column":null}},"131":{"start":{"line":281,"column":4},"end":{"line":281,"column":null}},"132":{"start":{"line":281,"column":55},"end":{"line":281,"column":null}},"133":{"start":{"line":283,"column":4},"end":{"line":283,"column":null}},"134":{"start":{"line":284,"column":4},"end":{"line":288,"column":null}},"135":{"start":{"line":284,"column":38},"end":{"line":288,"column":7}},"136":{"start":{"line":291,"column":8},"end":{"line":300,"column":null}},"137":{"start":{"line":292,"column":18},"end":{"line":292,"column":null}},"138":{"start":{"line":293,"column":4},"end":{"line":293,"column":null}},"139":{"start":{"line":293,"column":55},"end":{"line":293,"column":null}},"140":{"start":{"line":295,"column":4},"end":{"line":295,"column":null}},"141":{"start":{"line":296,"column":4},"end":{"line":296,"column":null}},"142":{"start":{"line":297,"column":4},"end":{"line":300,"column":null}},"143":{"start":{"line":298,"column":6},"end":{"line":300,"column":null}},"144":{"start":{"line":299,"column":8},"end":{"line":299,"column":null}},"145":{"start":{"line":306,"column":8},"end":{"line":321,"column":null}},"146":{"start":{"line":307,"column":4},"end":{"line":321,"column":null}},"147":{"start":{"line":310,"column":32},"end":{"line":310,"column":55}},"148":{"start":{"line":311,"column":26},"end":{"line":311,"column":49}},"149":{"start":{"line":313,"column":96},"end":{"line":313,"column":133}},"150":{"start":{"line":316,"column":96},"end":{"line":316,"column":137}},"151":{"start":{"line":325,"column":8},"end":{"line":336,"column":null}},"152":{"start":{"line":326,"column":4},"end":{"line":336,"column":null}},"153":{"start":{"line":339,"column":8},"end":{"line":342,"column":null}},"154":{"start":{"line":340,"column":4},"end":{"line":340,"column":null}},"155":{"start":{"line":340,"column":15},"end":{"line":340,"column":null}},"156":{"start":{"line":341,"column":4},"end":{"line":341,"column":null}},"157":{"start":{"line":341,"column":14},"end":{"line":341,"column":null}},"158":{"start":{"line":342,"column":4},"end":{"line":342,"column":null}},"159":{"start":{"line":345,"column":2},"end":{"line":424,"column":null}},"160":{"start":{"line":357,"column":27},"end":{"line":357,"column":49}},"161":{"start":{"line":366,"column":27},"end":{"line":366,"column":48}},"162":{"start":{"line":406,"column":16},"end":{"line":406,"column":null}},"163":{"start":{"line":406,"column":58},"end":{"line":406,"column":null}},"164":{"start":{"line":415,"column":33},"end":{"line":415,"column":55}}},"fnMap":{"0":{"name":"clampMermaidScale","decl":{"start":{"line":52,"column":9},"end":{"line":52,"column":27}},"loc":{"start":{"line":52,"column":42},"end":{"line":53,"column":null}},"line":52},"1":{"name":"formatTransformNumber","decl":{"start":{"line":56,"column":9},"end":{"line":56,"column":31}},"loc":{"start":{"line":56,"column":46},"end":{"line":57,"column":null}},"line":56},"2":{"name":"writeClipboardText","decl":{"start":{"line":60,"column":15},"end":{"line":60,"column":34}},"loc":{"start":{"line":60,"column":48},"end":{"line":76,"column":null}},"line":60},"3":{"name":"MermaidInteractiveDiagram","decl":{"start":{"line":79,"column":9},"end":{"line":79,"column":35}},"loc":{"start":{"line":89,"column":35},"end":{"line":117,"column":null}},"line":89},"4":{"name":"(anonymous_4)","decl":{"start":{"line":92,"column":2},"end":{"line":92,"column":18}},"loc":{"start":{"line":92,"column":18},"end":{"line":98,"column":6}},"line":92},"5":{"name":"(anonymous_5)","decl":{"start":{"line":97,"column":4},"end":{"line":97,"column":17}},"loc":{"start":{"line":97,"column":17},"end":{"line":97,"column":62}},"line":97},"6":{"name":"(anonymous_6)","decl":{"start":{"line":109,"column":6},"end":{"line":109,"column":29}},"loc":{"start":{"line":109,"column":39},"end":{"line":109,"column":65}},"line":109},"7":{"name":"MermaidBlock","decl":{"start":{"line":122,"column":16},"end":{"line":122,"column":29}},"loc":{"start":{"line":122,"column":66},"end":{"line":424,"column":null}},"line":122},"8":{"name":"(anonymous_8)","decl":{"start":{"line":132,"column":25},"end":{"line":132,"column":39}},"loc":{"start":{"line":132,"column":39},"end":{"line":132,"column":50}},"line":132},"9":{"name":"(anonymous_9)","decl":{"start":{"line":133,"column":32},"end":{"line":133,"column":null}},"loc":{"start":{"line":134,"column":11},"end":{"line":135,"column":null}},"line":134},"10":{"name":"(anonymous_10)","decl":{"start":{"line":140,"column":2},"end":{"line":140,"column":18}},"loc":{"start":{"line":140,"column":18},"end":{"line":175,"column":6}},"line":140},"11":{"name":"renderDiagram","decl":{"start":{"line":143,"column":19},"end":{"line":143,"column":35}},"loc":{"start":{"line":143,"column":35},"end":{"line":165,"column":null}},"line":143},"12":{"name":"(anonymous_12)","decl":{"start":{"line":172,"column":4},"end":{"line":172,"column":17}},"loc":{"start":{"line":172,"column":17},"end":{"line":173,"column":null}},"line":172},"13":{"name":"(anonymous_13)","decl":{"start":{"line":177,"column":2},"end":{"line":177,"column":18}},"loc":{"start":{"line":177,"column":18},"end":{"line":179,"column":6}},"line":177},"14":{"name":"(anonymous_14)","decl":{"start":{"line":181,"column":2},"end":{"line":181,"column":18}},"loc":{"start":{"line":181,"column":18},"end":{"line":184,"column":6}},"line":181},"15":{"name":"(anonymous_15)","decl":{"start":{"line":186,"column":2},"end":{"line":186,"column":18}},"loc":{"start":{"line":186,"column":18},"end":{"line":190,"column":7}},"line":186},"16":{"name":"(anonymous_16)","decl":{"start":{"line":187,"column":4},"end":{"line":187,"column":17}},"loc":{"start":{"line":187,"column":17},"end":{"line":188,"column":null}},"line":187},"17":{"name":"(anonymous_17)","decl":{"start":{"line":192,"column":2},"end":{"line":192,"column":18}},"loc":{"start":{"line":192,"column":18},"end":{"line":207,"column":6}},"line":192},"18":{"name":"(anonymous_18)","decl":{"start":{"line":196,"column":10},"end":{"line":196,"column":27}},"loc":{"start":{"line":196,"column":63},"end":{"line":197,"column":null}},"line":196},"19":{"name":"(anonymous_19)","decl":{"start":{"line":203,"column":4},"end":{"line":203,"column":17}},"loc":{"start":{"line":203,"column":17},"end":{"line":205,"column":null}},"line":203},"20":{"name":"(anonymous_20)","decl":{"start":{"line":209,"column":8},"end":{"line":209,"column":31}},"loc":{"start":{"line":209,"column":31},"end":{"line":211,"column":null}},"line":209},"21":{"name":"(anonymous_21)","decl":{"start":{"line":214,"column":26},"end":{"line":214,"column":38}},"loc":{"start":{"line":214,"column":38},"end":{"line":222,"column":null}},"line":214},"22":{"name":"(anonymous_22)","decl":{"start":{"line":220,"column":35},"end":{"line":220,"column":52}},"loc":{"start":{"line":220,"column":52},"end":{"line":220,"column":68}},"line":220},"23":{"name":"(anonymous_23)","decl":{"start":{"line":226,"column":29},"end":{"line":226,"column":42}},"loc":{"start":{"line":226,"column":61},"end":{"line":231,"column":7}},"line":226},"24":{"name":"(anonymous_24)","decl":{"start":{"line":227,"column":4},"end":{"line":227,"column":25}},"loc":{"start":{"line":227,"column":38},"end":{"line":230,"column":7}},"line":227},"25":{"name":"(anonymous_25)","decl":{"start":{"line":233,"column":8},"end":{"line":233,"column":36}},"loc":{"start":{"line":233,"column":36},"end":{"line":235,"column":null}},"line":233},"26":{"name":"(anonymous_26)","decl":{"start":{"line":238,"column":29},"end":{"line":238,"column":42}},"loc":{"start":{"line":238,"column":64},"end":{"line":261,"column":6}},"line":238},"27":{"name":"(anonymous_27)","decl":{"start":{"line":252,"column":6},"end":{"line":252,"column":27}},"loc":{"start":{"line":252,"column":40},"end":{"line":256,"column":9}},"line":252},"28":{"name":"(anonymous_28)","decl":{"start":{"line":263,"column":8},"end":{"line":263,"column":36}},"loc":{"start":{"line":263,"column":81},"end":{"line":276,"column":null}},"line":263},"29":{"name":"(anonymous_29)","decl":{"start":{"line":279,"column":8},"end":{"line":279,"column":36}},"loc":{"start":{"line":279,"column":81},"end":{"line":288,"column":null}},"line":279},"30":{"name":"(anonymous_30)","decl":{"start":{"line":284,"column":4},"end":{"line":284,"column":25}},"loc":{"start":{"line":284,"column":38},"end":{"line":288,"column":7}},"line":284},"31":{"name":"(anonymous_31)","decl":{"start":{"line":291,"column":8},"end":{"line":291,"column":25}},"loc":{"start":{"line":291,"column":93},"end":{"line":300,"column":null}},"line":291},"32":{"name":"(anonymous_32)","decl":{"start":{"line":306,"column":8},"end":{"line":306,"column":null}},"loc":{"start":{"line":307,"column":4},"end":{"line":321,"column":null}},"line":307},"33":{"name":"(anonymous_33)","decl":{"start":{"line":310,"column":6},"end":{"line":310,"column":22}},"loc":{"start":{"line":310,"column":32},"end":{"line":310,"column":55}},"line":310},"34":{"name":"(anonymous_34)","decl":{"start":{"line":311,"column":6},"end":{"line":311,"column":16}},"loc":{"start":{"line":311,"column":26},"end":{"line":311,"column":49}},"line":311},"35":{"name":"(anonymous_35)","decl":{"start":{"line":313,"column":81},"end":{"line":313,"column":96}},"loc":{"start":{"line":313,"column":96},"end":{"line":313,"column":133}},"line":313},"36":{"name":"(anonymous_36)","decl":{"start":{"line":316,"column":81},"end":{"line":316,"column":96}},"loc":{"start":{"line":316,"column":96},"end":{"line":316,"column":137}},"line":316},"37":{"name":"(anonymous_37)","decl":{"start":{"line":325,"column":8},"end":{"line":325,"column":36}},"loc":{"start":{"line":326,"column":4},"end":{"line":336,"column":null}},"line":326},"38":{"name":"(anonymous_38)","decl":{"start":{"line":339,"column":8},"end":{"line":339,"column":34}},"loc":{"start":{"line":339,"column":34},"end":{"line":342,"column":null}},"line":339},"39":{"name":"(anonymous_39)","decl":{"start":{"line":357,"column":12},"end":{"line":357,"column":27}},"loc":{"start":{"line":357,"column":27},"end":{"line":357,"column":49}},"line":357},"40":{"name":"(anonymous_40)","decl":{"start":{"line":366,"column":12},"end":{"line":366,"column":27}},"loc":{"start":{"line":366,"column":27},"end":{"line":366,"column":48}},"line":366},"41":{"name":"(anonymous_41)","decl":{"start":{"line":405,"column":14},"end":{"line":405,"column":28}},"loc":{"start":{"line":405,"column":38},"end":{"line":406,"column":null}},"line":405},"42":{"name":"(anonymous_42)","decl":{"start":{"line":415,"column":18},"end":{"line":415,"column":33}},"loc":{"start":{"line":415,"column":33},"end":{"line":415,"column":55}},"line":415}},"branchMap":{"0":{"loc":{"start":{"line":61,"column":2},"end":{"line":63,"column":null}},"type":"if","locations":[{"start":{"line":61,"column":2},"end":{"line":63,"column":null}},{"start":{},"end":{}}],"line":61},"1":{"loc":{"start":{"line":76,"column":2},"end":{"line":76,"column":null}},"type":"if","locations":[{"start":{"line":76,"column":2},"end":{"line":76,"column":null}},{"start":{},"end":{}}],"line":76},"2":{"loc":{"start":{"line":94,"column":4},"end":{"line":94,"column":null}},"type":"if","locations":[{"start":{"line":94,"column":4},"end":{"line":94,"column":null}},{"start":{},"end":{}}],"line":94},"3":{"loc":{"start":{"line":144,"column":6},"end":{"line":147,"column":null}},"type":"if","locations":[{"start":{"line":144,"column":6},"end":{"line":147,"column":null}},{"start":{},"end":{}}],"line":144},"4":{"loc":{"start":{"line":161,"column":8},"end":{"line":161,"column":null}},"type":"if","locations":[{"start":{"line":161,"column":8},"end":{"line":161,"column":null}},{"start":{},"end":{}}],"line":161},"5":{"loc":{"start":{"line":163,"column":8},"end":{"line":165,"column":null}},"type":"if","locations":[{"start":{"line":163,"column":8},"end":{"line":165,"column":null}},{"start":{},"end":{}}],"line":163},"6":{"loc":{"start":{"line":165,"column":19},"end":{"line":165,"column":92}},"type":"cond-expr","locations":[{"start":{"line":165,"column":42},"end":{"line":165,"column":56}},{"start":{"line":165,"column":56},"end":{"line":165,"column":92}}],"line":165},"7":{"loc":{"start":{"line":178,"column":4},"end":{"line":178,"column":null}},"type":"if","locations":[{"start":{"line":178,"column":4},"end":{"line":178,"column":null}},{"start":{},"end":{}}],"line":178},"8":{"loc":{"start":{"line":178,"column":8},"end":{"line":178,"column":30}},"type":"binary-expr","locations":[{"start":{"line":178,"column":8},"end":{"line":178,"column":24}},{"start":{"line":178,"column":24},"end":{"line":178,"column":30}}],"line":178},"9":{"loc":{"start":{"line":188,"column":6},"end":{"line":188,"column":null}},"type":"if","locations":[{"start":{"line":188,"column":6},"end":{"line":188,"column":null}},{"start":{},"end":{}}],"line":188},"10":{"loc":{"start":{"line":193,"column":4},"end":{"line":193,"column":null}},"type":"if","locations":[{"start":{"line":193,"column":4},"end":{"line":193,"column":null}},{"start":{},"end":{}}],"line":193},"11":{"loc":{"start":{"line":193,"column":8},"end":{"line":193,"column":58}},"type":"binary-expr","locations":[{"start":{"line":193,"column":8},"end":{"line":193,"column":25}},{"start":{"line":193,"column":25},"end":{"line":193,"column":58}}],"line":193},"12":{"loc":{"start":{"line":197,"column":6},"end":{"line":197,"column":null}},"type":"if","locations":[{"start":{"line":197,"column":6},"end":{"line":197,"column":null}},{"start":{},"end":{}}],"line":197},"13":{"loc":{"start":{"line":210,"column":4},"end":{"line":210,"column":null}},"type":"if","locations":[{"start":{"line":210,"column":4},"end":{"line":210,"column":null}},{"start":{},"end":{}}],"line":210},"14":{"loc":{"start":{"line":215,"column":4},"end":{"line":215,"column":null}},"type":"if","locations":[{"start":{"line":215,"column":4},"end":{"line":215,"column":null}},{"start":{},"end":{}}],"line":215},"15":{"loc":{"start":{"line":219,"column":6},"end":{"line":219,"column":null}},"type":"if","locations":[{"start":{"line":219,"column":6},"end":{"line":219,"column":null}},{"start":{},"end":{}}],"line":219},"16":{"loc":{"start":{"line":239,"column":4},"end":{"line":239,"column":null}},"type":"if","locations":[{"start":{"line":239,"column":4},"end":{"line":239,"column":null}},{"start":{},"end":{}}],"line":239},"17":{"loc":{"start":{"line":243,"column":4},"end":{"line":243,"column":null}},"type":"if","locations":[{"start":{"line":243,"column":4},"end":{"line":243,"column":null}},{"start":{},"end":{}}],"line":243},"18":{"loc":{"start":{"line":246,"column":6},"end":{"line":249,"column":null}},"type":"binary-expr","locations":[{"start":{"line":246,"column":6},"end":{"line":246,"column":null}},{"start":{"line":247,"column":6},"end":{"line":247,"column":null}},{"start":{"line":248,"column":6},"end":{"line":248,"column":null}},{"start":{"line":249,"column":7},"end":{"line":249,"column":29}},{"start":{"line":249,"column":29},"end":{"line":249,"column":null}}],"line":246},"19":{"loc":{"start":{"line":251,"column":4},"end":{"line":257,"column":null}},"type":"if","locations":[{"start":{"line":251,"column":4},"end":{"line":257,"column":null}},{"start":{},"end":{}}],"line":251},"20":{"loc":{"start":{"line":260,"column":23},"end":{"line":260,"column":85}},"type":"cond-expr","locations":[{"start":{"line":260,"column":43},"end":{"line":260,"column":63}},{"start":{"line":260,"column":63},"end":{"line":260,"column":85}}],"line":260},"21":{"loc":{"start":{"line":264,"column":4},"end":{"line":264,"column":null}},"type":"if","locations":[{"start":{"line":264,"column":4},"end":{"line":264,"column":null}},{"start":{},"end":{}}],"line":264},"22":{"loc":{"start":{"line":264,"column":8},"end":{"line":264,"column":36}},"type":"binary-expr","locations":[{"start":{"line":264,"column":8},"end":{"line":264,"column":16}},{"start":{"line":264,"column":16},"end":{"line":264,"column":36}}],"line":264},"23":{"loc":{"start":{"line":265,"column":4},"end":{"line":265,"column":null}},"type":"if","locations":[{"start":{"line":265,"column":4},"end":{"line":265,"column":null}},{"start":{},"end":{}}],"line":265},"24":{"loc":{"start":{"line":281,"column":4},"end":{"line":281,"column":null}},"type":"if","locations":[{"start":{"line":281,"column":4},"end":{"line":281,"column":null}},{"start":{},"end":{}}],"line":281},"25":{"loc":{"start":{"line":281,"column":8},"end":{"line":281,"column":55}},"type":"binary-expr","locations":[{"start":{"line":281,"column":8},"end":{"line":281,"column":18}},{"start":{"line":281,"column":18},"end":{"line":281,"column":55}}],"line":281},"26":{"loc":{"start":{"line":291,"column":67},"end":{"line":291,"column":93}},"type":"default-arg","locations":[{"start":{"line":291,"column":84},"end":{"line":291,"column":93}}],"line":291},"27":{"loc":{"start":{"line":293,"column":4},"end":{"line":293,"column":null}},"type":"if","locations":[{"start":{"line":293,"column":4},"end":{"line":293,"column":null}},{"start":{},"end":{}}],"line":293},"28":{"loc":{"start":{"line":293,"column":8},"end":{"line":293,"column":55}},"type":"binary-expr","locations":[{"start":{"line":293,"column":8},"end":{"line":293,"column":18}},{"start":{"line":293,"column":18},"end":{"line":293,"column":55}}],"line":293},"29":{"loc":{"start":{"line":297,"column":4},"end":{"line":300,"column":null}},"type":"if","locations":[{"start":{"line":297,"column":4},"end":{"line":300,"column":null}},{"start":{},"end":{}}],"line":297},"30":{"loc":{"start":{"line":340,"column":4},"end":{"line":340,"column":null}},"type":"if","locations":[{"start":{"line":340,"column":4},"end":{"line":340,"column":null}},{"start":{},"end":{}}],"line":340},"31":{"loc":{"start":{"line":341,"column":4},"end":{"line":341,"column":null}},"type":"if","locations":[{"start":{"line":341,"column":4},"end":{"line":341,"column":null}},{"start":{},"end":{}}],"line":341},"32":{"loc":{"start":{"line":354,"column":49},"end":{"line":354,"column":null}},"type":"cond-expr","locations":[{"start":{"line":354,"column":74},"end":{"line":354,"column":109}},{"start":{"line":354,"column":109},"end":{"line":354,"column":null}}],"line":354},"33":{"loc":{"start":{"line":363,"column":49},"end":{"line":363,"column":null}},"type":"cond-expr","locations":[{"start":{"line":363,"column":73},"end":{"line":363,"column":108}},{"start":{"line":363,"column":108},"end":{"line":363,"column":null}}],"line":363},"34":{"loc":{"start":{"line":373,"column":19},"end":{"line":373,"column":null}},"type":"cond-expr","locations":[{"start":{"line":373,"column":28},"end":{"line":373,"column":47}},{"start":{"line":373,"column":47},"end":{"line":373,"column":null}}],"line":373},"35":{"loc":{"start":{"line":377,"column":13},"end":{"line":377,"column":null}},"type":"cond-expr","locations":[{"start":{"line":377,"column":22},"end":{"line":377,"column":45}},{"start":{"line":377,"column":44},"end":{"line":377,"column":null}}],"line":377},"36":{"loc":{"start":{"line":391,"column":7},"end":{"line":396,"column":null}},"type":"cond-expr","locations":[{"start":{"line":392,"column":8},"end":{"line":392,"column":27}},{"start":{"line":394,"column":8},"end":{"line":396,"column":null}}],"line":391},"37":{"loc":{"start":{"line":398,"column":7},"end":{"line":424,"column":null}},"type":"cond-expr","locations":[{"start":{"line":398,"column":50},"end":{"line":422,"column":null}},{"start":{"line":424,"column":10},"end":{"line":424,"column":null}}],"line":398},"38":{"loc":{"start":{"line":398,"column":7},"end":{"line":398,"column":null}},"type":"binary-expr","locations":[{"start":{"line":398,"column":7},"end":{"line":398,"column":23}},{"start":{"line":398,"column":23},"end":{"line":398,"column":30}},{"start":{"line":398,"column":30},"end":{"line":398,"column":null}}],"line":398},"39":{"loc":{"start":{"line":406,"column":16},"end":{"line":406,"column":null}},"type":"if","locations":[{"start":{"line":406,"column":16},"end":{"line":406,"column":null}},{"start":{},"end":{}}],"line":406}},"s":{"0":1,"1":1,"2":1,"3":1,"4":1,"5":1,"6":3,"7":105,"8":1,"9":1,"10":1,"11":0,"12":0,"13":0,"14":0,"15":0,"16":0,"17":0,"18":0,"19":0,"20":0,"21":0,"22":0,"23":30,"24":30,"25":12,"26":12,"27":0,"28":12,"29":12,"30":12,"31":30,"32":0,"33":51,"34":51,"35":51,"36":51,"37":51,"38":51,"39":51,"40":51,"41":51,"42":10,"43":51,"44":35,"45":51,"46":10,"47":10,"48":0,"49":0,"50":0,"51":10,"52":10,"53":10,"54":10,"55":10,"56":10,"57":10,"58":0,"59":0,"60":0,"61":10,"62":10,"63":10,"64":51,"65":22,"66":0,"67":51,"68":20,"69":20,"70":51,"71":10,"72":10,"73":1,"74":51,"75":12,"76":11,"77":1,"78":1,"79":0,"80":0,"81":1,"82":1,"83":1,"84":1,"85":1,"86":51,"87":1,"88":0,"89":1,"90":51,"91":1,"92":0,"93":1,"94":1,"95":1,"96":1,"97":0,"98":1,"99":0,"100":0,"101":51,"102":3,"103":3,"104":51,"105":1,"106":1,"107":51,"108":3,"109":0,"110":3,"111":3,"112":3,"113":0,"114":3,"115":3,"116":1,"117":1,"118":1,"119":2,"120":51,"121":1,"122":0,"123":1,"124":0,"125":1,"126":1,"127":1,"128":1,"129":51,"130":1,"131":1,"132":0,"133":1,"134":1,"135":1,"136":51,"137":1,"138":1,"139":0,"140":1,"141":1,"142":1,"143":1,"144":1,"145":51,"146":30,"147":0,"148":0,"149":1,"150":0,"151":51,"152":30,"153":51,"154":49,"155":0,"156":49,"157":20,"158":29,"159":51,"160":1,"161":1,"162":0,"163":0,"164":1},"f":{"0":3,"1":105,"2":1,"3":30,"4":12,"5":12,"6":0,"7":51,"8":10,"9":35,"10":10,"11":10,"12":10,"13":22,"14":20,"15":10,"16":10,"17":12,"18":0,"19":1,"20":1,"21":1,"22":0,"23":3,"24":3,"25":1,"26":3,"27":1,"28":1,"29":1,"30":1,"31":1,"32":30,"33":0,"34":0,"35":1,"36":0,"37":30,"38":49,"39":1,"40":1,"41":0,"42":1},"b":{"0":[1,0],"1":[0,0],"2":[0,12],"3":[0,10],"4":[10,0],"5":[0,0],"6":[0,0],"7":[0,22],"8":[22,1],"9":[1,9],"10":[11,1],"11":[12,1],"12":[0,0],"13":[0,1],"14":[0,1],"15":[0,1],"16":[0,3],"17":[0,3],"18":[3,3,3,3,3],"19":[1,2],"20":[2,0],"21":[0,1],"22":[1,1],"23":[0,1],"24":[0,1],"25":[1,1],"26":[1],"27":[0,1],"28":[1,1],"29":[1,0],"30":[0,49],"31":[20,29],"32":[49,1],"33":[1,49],"34":[2,48],"35":[2,48],"36":[49,1],"37":[1,49],"38":[51,1,1],"39":[0,0]},"meta":{"lastBranch":40,"lastFunction":43,"lastStatement":165,"seen":{"s:45:23:45:Infinity":0,"s:46:26:46:Infinity":1,"s:47:26:47:Infinity":2,"s:48:26:48:Infinity":3,"s:49:33:49:Infinity":4,"s:50:52:50:Infinity":5,"f:52:9:52:27":0,"s:53:2:53:Infinity":6,"f:56:9:56:31":1,"s:57:2:57:Infinity":7,"f:60:15:60:34":2,"b:61:2:63:Infinity:undefined:undefined:undefined:undefined":0,"s:61:2:63:Infinity":8,"s:62:4:62:Infinity":9,"s:63:4:63:Infinity":10,"s:66:19:66:53":11,"s:67:2:67:Infinity":12,"s:68:2:68:Infinity":13,"s:69:2:69:Infinity":14,"s:70:2:70:Infinity":15,"s:71:2:71:Infinity":16,"s:72:2:72:Infinity":17,"s:73:2:73:Infinity":18,"s:74:18:74:46":19,"s:75:2:75:Infinity":20,"b:76:2:76:Infinity:undefined:undefined:undefined:undefined":1,"s:76:2:76:Infinity":21,"s:76:16:76:Infinity":22,"f:79:9:79:35":3,"s:90:8:90:49":23,"s:92:2:98:Infinity":24,"f:92:2:92:18":4,"s:93:20:93:Infinity":25,"b:94:4:94:Infinity:undefined:undefined:undefined:undefined":2,"s:94:4:94:Infinity":26,"s:94:18:94:Infinity":27,"s:96:4:96:Infinity":28,"s:97:4:97:Infinity":29,"f:97:4:97:17":5,"s:97:17:97:62":30,"s:100:2:117:Infinity":31,"f:109:6:109:29":6,"s:109:39:109:65":32,"f:122:16:122:29":7,"s:123:19:123:70":33,"s:124:23:124:57":34,"s:125:17:125:45":35,"s:126:27:126:103":36,"s:127:14:127:36":37,"s:128:16:128:40":38,"s:129:8:129:59":39,"s:130:8:130:57":40,"s:132:8:132:59":41,"f:132:25:132:39":8,"s:132:39:132:50":42,"s:133:8:137:Infinity":43,"f:133:32:133:Infinity":9,"s:134:11:135:Infinity":44,"s:140:2:175:Infinity":45,"f:140:2:140:18":10,"s:141:20:141:Infinity":46,"f:143:19:143:35":11,"b:144:6:147:Infinity:undefined:undefined:undefined:undefined":3,"s:144:6:147:Infinity":47,"s:145:8:145:Infinity":48,"s:146:8:146:Infinity":49,"s:147:8:147:Infinity":50,"s:150:6:165:Infinity":51,"s:151:8:151:Infinity":52,"s:152:8:158:Infinity":53,"s:159:19:159:Infinity":54,"s:160:23:160:66":55,"b:161:8:161:Infinity:undefined:undefined:undefined:undefined":4,"s:161:8:161:Infinity":56,"s:161:24:161:Infinity":57,"b:163:8:165:Infinity:undefined:undefined:undefined:undefined":5,"s:163:8:165:Infinity":58,"s:164:10:164:Infinity":59,"s:165:10:165:Infinity":60,"b:165:42:165:56:165:56:165:92":6,"s:170:4:170:Infinity":61,"s:172:4:173:Infinity":62,"f:172:4:172:17":12,"s:173:6:173:Infinity":63,"s:177:2:179:Infinity":64,"f:177:2:177:18":13,"b:178:4:178:Infinity:undefined:undefined:undefined:undefined":7,"s:178:4:178:Infinity":65,"b:178:8:178:24:178:24:178:30":8,"s:178:30:178:Infinity":66,"s:181:2:184:Infinity":67,"f:181:2:181:18":14,"s:182:4:182:Infinity":68,"s:183:4:183:Infinity":69,"s:186:2:190:Infinity":70,"f:186:2:186:18":15,"s:187:4:188:Infinity":71,"f:187:4:187:17":16,"b:188:6:188:Infinity:undefined:undefined:undefined:undefined":9,"s:188:6:188:Infinity":72,"s:188:45:188:Infinity":73,"s:192:2:207:Infinity":74,"f:192:2:192:18":17,"b:193:4:193:Infinity:undefined:undefined:undefined:undefined":10,"s:193:4:193:Infinity":75,"b:193:8:193:25:193:25:193:58":11,"s:193:58:193:Infinity":76,"s:195:29:195:Infinity":77,"s:196:10:197:Infinity":78,"f:196:10:196:27":18,"b:197:6:197:Infinity:undefined:undefined:undefined:undefined":12,"s:197:6:197:Infinity":79,"s:197:34:197:Infinity":80,"s:200:4:200:Infinity":81,"s:201:4:201:Infinity":82,"s:203:4:205:Infinity":83,"f:203:4:203:17":19,"s:204:6:204:Infinity":84,"s:205:6:205:Infinity":85,"s:209:8:211:Infinity":86,"f:209:8:209:31":20,"b:210:4:210:Infinity:undefined:undefined:undefined:undefined":13,"s:210:4:210:Infinity":87,"s:210:14:210:Infinity":88,"s:211:4:211:Infinity":89,"s:214:26:222:Infinity":90,"f:214:26:214:38":21,"b:215:4:215:Infinity:undefined:undefined:undefined:undefined":14,"s:215:4:215:Infinity":91,"s:215:15:215:Infinity":92,"s:216:4:222:Infinity":93,"s:217:6:217:Infinity":94,"s:218:6:218:Infinity":95,"b:219:6:219:Infinity:undefined:undefined:undefined:undefined":15,"s:219:6:219:Infinity":96,"s:219:45:219:Infinity":97,"s:220:6:220:Infinity":98,"f:220:35:220:52":22,"s:220:52:220:68":99,"s:222:6:222:Infinity":100,"s:226:8:231:8":101,"f:226:29:226:42":23,"s:227:4:230:Infinity":102,"f:227:4:227:25":24,"s:227:38:230:7":103,"s:233:8:235:Infinity":104,"f:233:8:233:36":25,"s:234:4:234:Infinity":105,"s:235:4:235:Infinity":106,"s:238:8:261:31":107,"f:238:29:238:42":26,"b:239:4:239:Infinity:undefined:undefined:undefined:undefined":16,"s:239:4:239:Infinity":108,"s:239:14:239:Infinity":109,"s:240:4:240:Infinity":110,"s:241:4:241:Infinity":111,"b:243:4:243:Infinity:undefined:undefined:undefined:undefined":17,"s:243:4:243:Infinity":112,"s:243:80:243:Infinity":113,"s:246:6:249:Infinity":114,"b:246:6:246:Infinity:247:6:247:Infinity:248:6:248:Infinity:249:7:249:29:249:29:249:Infinity":18
[...]
,"/Users/lakphy/projects/vibe-documents/webview/search/useSearch.ts": {"path":"/Users/lakphy/projects/vibe-documents/webview/search/useSearch.ts","statementMap":{"0":{"start":{"line":37,"column":16},"end":{"line":45,"column":4}},"1":{"start":{"line":47,"column":8},"end":{"line":47,"column":48}},"2":{"start":{"line":48,"column":8},"end":{"line":48,"column":62}},"3":{"start":{"line":49,"column":8},"end":{"line":49,"column":39}},"4":{"start":{"line":51,"column":8},"end":{"line":60,"column":33}},"5":{"start":{"line":52,"column":4},"end":{"line":52,"column":null}},"6":{"start":{"line":52,"column":38},"end":{"line":52,"column":null}},"7":{"start":{"line":54,"column":4},"end":{"line":56,"column":null}},"8":{"start":{"line":55,"column":6},"end":{"line":56,"column":null}},"9":{"start":{"line":58,"column":4},"end":{"line":59,"column":null}},"10":{"start":{"line":62,"column":8},"end":{"line":90,"column":26}},"11":{"start":{"line":67,"column":22},"end":{"line":67,"column":42}},"12":{"start":{"line":68,"column":4},"end":{"line":72,"column":null}},"13":{"start":{"line":69,"column":6},"end":{"line":69,"column":null}},"14":{"start":{"line":70,"column":6},"end":{"line":70,"column":null}},"15":{"start":{"line":71,"column":6},"end":{"line":71,"column":null}},"16":{"start":{"line":71,"column":24},"end":{"line":71,"column":70}},"17":{"start":{"line":72,"column":6},"end":{"line":72,"column":null}},"18":{"start":{"line":75,"column":20},"end":{"line":75,"column":71}},"19":{"start":{"line":76,"column":4},"end":{"line":76,"column":null}},"20":{"start":{"line":78,"column":16},"end":{"line":80,"column":null}},"21":{"start":{"line":82,"column":4},"end":{"line":82,"column":null}},"22":{"start":{"line":83,"column":4},"end":{"line":83,"column":null}},"23":{"start":{"line":83,"column":15},"end":{"line":83,"column":null}},"24":{"start":{"line":85,"column":4},"end":{"line":89,"column":null}},"25":{"start":{"line":85,"column":22},"end":{"line":89,"column":7}},"26":{"start":{"line":92,"column":2},"end":{"line":92,"column":null}},"27":{"start":{"line":94,"column":2},"end":{"line":106,"column":null}},"28":{"start":{"line":95,"column":19},"end":{"line":95,"column":null}},"29":{"start":{"line":96,"column":4},"end":{"line":104,"column":null}},"30":{"start":{"line":97,"column":20},"end":{"line":103,"column":13}},"31":{"start":{"line":98,"column":8},"end":{"line":102,"column":null}},"32":{"start":{"line":104,"column":6},"end":{"line":104,"column":null}},"33":{"start":{"line":104,"column":19},"end":{"line":104,"column":38}},"34":{"start":{"line":108,"column":8},"end":{"line":111,"column":8}},"35":{"start":{"line":109,"column":4},"end":{"line":109,"column":null}},"36":{"start":{"line":109,"column":22},"end":{"line":109,"column":49}},"37":{"start":{"line":110,"column":4},"end":{"line":110,"column":null}},"38":{"start":{"line":110,"column":32},"end":{"line":110,"column":63}},"39":{"start":{"line":113,"column":8},"end":{"line":122,"column":8}},"40":{"start":{"line":114,"column":4},"end":{"line":119,"column":null}},"41":{"start":{"line":114,"column":22},"end":{"line":119,"column":7}},"42":{"start":{"line":120,"column":4},"end":{"line":120,"column":null}},"43":{"start":{"line":121,"column":4},"end":{"line":121,"column":null}},"44":{"start":{"line":124,"column":8},"end":{"line":131,"column":75}},"45":{"start":{"line":125,"column":4},"end":{"line":125,"column":null}},"46":{"start":{"line":125,"column":22},"end":{"line":125,"column":45}},"47":{"start":{"line":126,"column":4},"end":{"line":130,"column":null}},"48":{"start":{"line":133,"column":8},"end":{"line":143,"column":21}},"49":{"start":{"line":134,"column":4},"end":{"line":142,"column":null}},"50":{"start":{"line":135,"column":19},"end":{"line":135,"column":null}},"51":{"start":{"line":136,"column":6},"end":{"line":140,"column":null}},"52":{"start":{"line":141,"column":6},"end":{"line":141,"column":null}},"53":{"start":{"line":145,"column":8},"end":{"line":155,"column":21}},"54":{"start":{"line":146,"column":4},"end":{"line":154,"column":null}},"55":{"start":{"line":147,"column":19},"end":{"line":147,"column":null}},"56":{"start":{"line":148,"column":6},"end":{"line":152,"column":null}},"57":{"start":{"line":153,"column":6},"end":{"line":153,"column":null}},"58":{"start":{"line":157,"column":8},"end":{"line":167,"column":21}},"59":{"start":{"line":158,"column":4},"end":{"line":166,"column":null}},"60":{"start":{"line":159,"column":19},"end":{"line":159,"column":null}},"61":{"start":{"line":160,"column":6},"end":{"line":164,"column":null}},"62":{"start":{"line":165,"column":6},"end":{"line":165,"column":null}},"63":{"start":{"line":169,"column":8},"end":{"line":178,"column":8}},"64":{"start":{"line":170,"column":20},"end":{"line":170,"column":null}},"65":{"start":{"line":171,"column":4},"end":{"line":171,"column":null}},"66":{"start":{"line":171,"column":30},"end":{"line":171,"column":null}},"67":{"start":{"line":172,"column":4},"end":{"line":177,"column":null}},"68":{"start":{"line":173,"column":21},"end":{"line":173,"column":null}},"69":{"start":{"line":174,"column":6},"end":{"line":174,"column":null}},"70":{"start":{"line":175,"column":6},"end":{"line":175,"column":null}},"71":{"start":{"line":176,"column":6},"end":{"line":176,"column":null}},"72":{"start":{"line":180,"column":8},"end":{"line":189,"column":8}},"73":{"start":{"line":181,"column":20},"end":{"line":181,"column":null}},"74":{"start":{"line":182,"column":4},"end":{"line":182,"column":null}},"75":{"start":{"line":182,"column":30},"end":{"line":182,"column":null}},"76":{"start":{"line":183,"column":4},"end":{"line":188,"column":null}},"77":{"start":{"line":184,"column":21},"end":{"line":184,"column":null}},"78":{"start":{"line":185,"column":6},"end":{"line":185,"column":null}},"79":{"start":{"line":186,"column":6},"end":{"line":186,"column":null}},"80":{"start":{"line":187,"column":6},"end":{"line":187,"column":null}},"81":{"start":{"line":191,"column":33},"end":{"line":200,"column":null}},"82":{"start":{"line":202,"column":2},"end":{"line":202,"column":null}}},"fnMap":{"0":{"name":"useSearch","decl":{"start":{"line":33,"column":16},"end":{"line":33,"column":null}},"loc":{"start":{"line":36,"column":2},"end":{"line":202,"column":null}},"line":36},"1":{"name":"(anonymous_1)","decl":{"start":{"line":51,"column":29},"end":{"line":51,"column":63}},"loc":{"start":{"line":51,"column":63},"end":{"line":60,"column":6}},"line":51},"2":{"name":"(anonymous_2)","decl":{"start":{"line":62,"column":24},"end":{"line":62,"column":null}},"loc":{"start":{"line":66,"column":7},"end":{"line":90,"column":6}},"line":66},"3":{"name":"(anonymous_3)","decl":{"start":{"line":71,"column":6},"end":{"line":71,"column":15}},"loc":{"start":{"line":71,"column":24},"end":{"line":71,"column":70}},"line":71},"4":{"name":"(anonymous_4)","decl":{"start":{"line":85,"column":4},"end":{"line":85,"column":13}},"loc":{"start":{"line":85,"column":22},"end":{"line":89,"column":7}},"line":85},"5":{"name":"(anonymous_5)","decl":{"start":{"line":94,"column":2},"end":{"line":94,"column":18}},"loc":{"start":{"line":94,"column":18},"end":{"line":106,"column":6}},"line":94},"6":{"name":"(anonymous_6)","decl":{"start":{"line":97,"column":20},"end":{"line":97,"column":37}},"loc":{"start":{"line":97,"column":37},"end":{"line":103,"column":13}},"line":97},"7":{"name":"(anonymous_7)","decl":{"start":{"line":104,"column":6},"end":{"line":104,"column":19}},"loc":{"start":{"line":104,"column":19},"end":{"line":104,"column":38}},"line":104},"8":{"name":"(anonymous_8)","decl":{"start":{"line":108,"column":15},"end":{"line":108,"column":33}},"loc":{"start":{"line":108,"column":33},"end":{"line":111,"column":7}},"line":108},"9":{"name":"(anonymous_9)","decl":{"start":{"line":109,"column":4},"end":{"line":109,"column":13}},"loc":{"start":{"line":109,"column":22},"end":{"line":109,"column":49}},"line":109},"10":{"name":"(anonymous_10)","decl":{"start":{"line":110,"column":4},"end":{"line":110,"column":32}},"loc":{"start":{"line":110,"column":32},"end":{"line":110,"column":63}},"line":110},"11":{"name":"(anonymous_11)","decl":{"start":{"line":113,"column":16},"end":{"line":113,"column":34}},"loc":{"start":{"line":113,"column":34},"end":{"line":122,"column":7}},"line":113},"12":{"name":"(anonymous_12)","decl":{"start":{"line":114,"column":4},"end":{"line":114,"column":13}},"loc":{"start":{"line":114,"column":22},"end":{"line":119,"column":7}},"line":114},"13":{"name":"(anonymous_13)","decl":{"start":{"line":124,"column":23},"end":{"line":124,"column":36}},"loc":{"start":{"line":124,"column":50},"end":{"line":131,"column":6}},"line":124},"14":{"name":"(anonymous_14)","decl":{"start":{"line":125,"column":4},"end":{"line":125,"column":13}},"loc":{"start":{"line":125,"column":22},"end":{"line":125,"column":45}},"line":125},"15":{"name":"(anonymous_15)","decl":{"start":{"line":133,"column":30},"end":{"line":133,"column":48}},"loc":{"start":{"line":133,"column":48},"end":{"line":143,"column":6}},"line":133},"16":{"name":"(anonymous_16)","decl":{"start":{"line":134,"column":4},"end":{"line":134,"column":13}},"loc":{"start":{"line":134,"column":21},"end":{"line":142,"column":null}},"line":134},"17":{"name":"(anonymous_17)","decl":{"start":{"line":145,"column":26},"end":{"line":145,"column":44}},"loc":{"start":{"line":145,"column":44},"end":{"line":155,"column":6}},"line":145},"18":{"name":"(anonymous_18)","decl":{"start":{"line":146,"column":4},"end":{"line":146,"column":13}},"loc":{"start":{"line":146,"column":21},"end":{"line":154,"column":null}},"line":146},"19":{"name":"(anonymous_19)","decl":{"start":{"line":157,"column":22},"end":{"line":157,"column":40}},"loc":{"start":{"line":157,"column":40},"end":{"line":167,"column":6}},"line":157},"20":{"name":"(anonymous_20)","decl":{"start":{"line":158,"column":4},"end":{"line":158,"column":13}},"loc":{"start":{"line":158,"column":21},"end":{"line":166,"column":null}},"line":158},"21":{"name":"(anonymous_21)","decl":{"start":{"line":169,"column":19},"end":{"line":169,"column":37}},"loc":{"start":{"line":169,"column":37},"end":{"line":178,"column":7}},"line":169},"22":{"name":"(anonymous_22)","decl":{"start":{"line":172,"column":4},"end":{"line":172,"column":13}},"loc":{"start":{"line":172,"column":21},"end":{"line":177,"column":null}},"line":172},"23":{"name":"(anonymous_23)","decl":{"start":{"line":180,"column":19},"end":{"line":180,"column":37}},"loc":{"start":{"line":180,"column":37},"end":{"line":189,"column":7}},"line":180},"24":{"name":"(anonymous_24)","decl":{"start":{"line":183,"column":4},"end":{"line":183,"column":13}},"loc":{"start":{"line":183,"column":21},"end":{"line":188,"column":null}},"line":183}},"branchMap":{"0":{"loc":{"start":{"line":52,"column":4},"end":{"line":52,"column":null}},"type":"if","locations":[{"start":{"line":52,"column":4},"end":{"line":52,"column":null}},{"start":{},"end":{}}],"line":52},"1":{"loc":{"start":{"line":54,"column":4},"end":{"line":56,"column":null}},"type":"if","locations":[{"start":{"line":54,"column":4},"end":{"line":56,"column":null}},{"start":{},"end":{}}],"line":54},"2":{"loc":{"start":{"line":55,"column":13},"end":{"line":56,"column":null}},"type":"binary-expr","locations":[{"start":{"line":55,"column":13},"end":{"line":55,"column":75}},{"start":{"line":56,"column":13},"end":{"line":56,"column":null}}],"line":55},"3":{"loc":{"start":{"line":58,"column":11},"end":{"line":59,"column":null}},"type":"binary-expr","locations":[{"start":{"line":58,"column":11},"end":{"line":58,"column":68}},{"start":{"line":59,"column":11},"end":{"line":59,"column":null}}],"line":58},"4":{"loc":{"start":{"line":68,"column":4},"end":{"line":72,"column":null}},"type":"if","locations":[{"start":{"line":68,"column":4},"end":{"line":72,"column":null}},{"start":{},"end":{}}],"line":68},"5":{"loc":{"start":{"line":75,"column":20},"end":{"line":75,"column":71}},"type":"cond-expr","locations":[{"start":{"line":75,"column":20},"end":{"line":75,"column":66}},{"start":{"line":75,"column":69},"end":{"line":75,"column":71}}],"line":75},"6":{"loc":{"start":{"line":78,"column":16},"end":{"line":80,"column":null}},"type":"cond-expr","locations":[{"start":{"line":79,"column":8},"end":{"line":79,"column":51}},{"start":{"line":80,"column":8},"end":{"line":80,"column":null}}],"line":78},"7":{"loc":{"start":{"line":79,"column":17},"end":{"line":79,"column":32}},"type":"binary-expr","locations":[{"start":{"line":79,"column":17},"end":{"line":79,"column":29}},{"start":{"line":79,"column":29},"end":{"line":79,"column":32}}],"line":79},"8":{"loc":{"start":{"line":83,"column":4},"end":{"line":83,"column":null}},"type":"if","locations":[{"start":{"line":83,"column":4},"end":{"line":83,"column":null}},{"start":{},"end":{}}],"line":83},"9":{"loc":{"start":{"line":96,"column":4},"end":{"line":104,"column":null}},"type":"if","locations":[{"start":{"line":96,"column":4},"end":{"line":104,"column":null}},{"start":{},"end":{}}],"line":96},"10":{"loc":{"start":{"line":96,"column":8},"end":{"line":96,"column":39}},"type":"binary-expr","locations":[{"start":{"line":96,"column":8},"end":{"line":96,"column":25}},{"start":{"line":96,"column":25},"end":{"line":96,"column":39}}],"line":96},"11":{"loc":{"start":{"line":171,"column":4},"end":{"line":171,"column":null}},"type":"if","locations":[{"start":{"line":171,"column":4},"end":{"line":171,"column":null}},{"start":{},"end":{}}],"line":171},"12":{"loc":{"start":{"line":173,"column":21},"end":{"line":173,"column":null}},"type":"cond-expr","locations":[{"start":{"line":173,"column":63},"end":{"line":173,"column":67}},{"start":{"line":173,"column":67},"end":{"line":173,"column":null}}],"line":173},"13":{"loc":{"start":{"line":182,"column":4},"end":{"line":182,"column":null}},"type":"if","locations":[{"start":{"line":182,"column":4},"end":{"line":182,"column":null}},{"start":{},"end":{}}],"line":182},"14":{"loc":{"start":{"line":184,"column":21},"end":{"line":184,"column":null}},"type":"cond-expr","locations":[{"start":{"line":184,"column":49},"end":{"line":184,"column":70}},{"start":{"line":184,"column":70},"end":{"line":184,"column":null}}],"line":184}},"s":{"0":63,"1":63,"2":63,"3":63,"4":63,"5":17,"6":6,"7":11,"8":10,"9":1,"10":63,"11":17,"12":17,"13":6,"14":6,"15":6,"16":6,"17":6,"18":11,"19":17,"20":17,"21":17,"22":17,"23":9,"24":11,"25":11,"26":63,"27":63,"28":23,"29":23,"30":0,"31":0,"32":0,"33":0,"34":63,"35":14,"36":14,"37":14,"38":14,"39":63,"40":1,"41":1,"42":1,"43":1,"44":63,"45":10,"46":10,"47":10,"48":63,"49":3,"50":3,"51":3,"52":3,"53":63,"54":2,"55":2,"56":2,"57":2,"58":63,"59":2,"60":2,"61":2,"62":2,"63":63,"64":4,"65":4,"66":1,"67":3,"68":3,"69":3,"70":3,"71":3,"72":63,"73":2,"74":2,"75":1,"76":1,"77":1,"78":1,"79":1,"80":1,"81":63,"82":63},"f":{"0":63,"1":17,"2":17,"3":6,"4":11,"5":23,"6":0,"7":0,"8":14,"9":14,"10":14,"11":1,"12":1,"13":10,"14":10,"15":3,"16":3,"17":2,"18":2,"19":2,"20":2,"21":4,"22":3,"23":2,"24":1},"b":{"0":[6,11],"1":[10,1],"2":[10,0],"3":[1,0],"4":[6,11],"5":[10,1],"6":[9,2],"7":[9,9],"8":[9,8],"9":[0,23],"10":[23,0],"11":[1,3],"12":[1,2],"13":[1,1],"14":[1,0]},"meta":{"lastBranch":15,"lastFunction":25,"lastStatement":83,"seen":{"f:33:16:33:Infinity":0,"s:37:16:45:4":0,"s:47:8:47:48":1,"s:48:8:48:62":2,"s:49:8:49:39":3,"s:51:8:60:33":4,"f:51:29:51:63":1,"b:52:4:52:Infinity:undefined:undefined:undefined:undefined":0,"s:52:4:52:Infinity":5,"s:52:38:52:Infinity":6,"b:54:4:56:Infinity:undefined:undefined:undefined:undefined":1,"s:54:4:56:Infinity":7,"s:55:6:56:Infinity":8,"b:55:13:55:75:56:13:56:Infinity":2,"s:58:4:59:Infinity":9,"b:58:11:58:68:59:11:59:Infinity":3,"s:62:8:90:26":10,"f:62:24:62:Infinity":2,"s:67:22:67:42":11,"b:68:4:72:Infinity:undefined:undefined:undefined:undefined":4,"s:68:4:72:Infinity":12,"s:69:6:69:Infinity":13,"s:70:6:70:Infinity":14,"s:71:6:71:Infinity":15,"f:71:6:71:15":3,"s:71:24:71:70":16,"s:72:6:72:Infinity":17,"s:75:20:75:71":18,"b:75:20:75:66:75:69:75:71":5,"s:76:4:76:Infinity":19,"s:78:16:80:Infinity":20,"b:79:8:79:51:80:8:80:Infinity":6,"b:79:17:79:29:79:29:79:32":7,"s:82:4:82:Infinity":21,"b:83:4:83:Infinity:undefined:undefined:undefined:undefined":8,"s:83:4:83:Infinity":22,"s:83:15:83:Infinity":23,"s:85:4:89:Infinity":24,"f:85:4:85:13":4,"s:85:22:89:7":25,"s:92:2:92:Infinity":26,"s:94:2:106:Infinity":27,"f:94:2:94:18":5,"s:95:19:95:Infinity":28,"b:96:4:104:Infinity:undefined:undefined:undefined:undefined":9,"s:96:4:104:Infinity":29,"b:96:8:96:25:96:25:96:39":10,"s:97:20:103:13":30,"f:97:20:97:37":6,"s:98:8:102:Infinity":31,"s:104:6:104:Infinity":32,"f:104:6:104:19":7,"s:104:19:104:38":33,"s:108:8:111:8":34,"f:108:15:108:33":8,"s:109:4:109:Infinity":35,"f:109:4:109:13":9,"s:109:22:109:49":36,"s:110:4:110:Infinity":37,"f:110:4:110:32":10,"s:110:32:110:63":38,"s:113:8:122:8":39,"f:113:16:113:34":11,"s:114:4:119:Infinity":40,"f:114:4:114:13":12,"s:114:22:119:7":41,"s:120:4:120:Infinity":42,"s:121:4:121:Infinity":43,"s:124:8:131:75":44,"f:124:23:124:36":13,"s:125:4:125:Infinity":45,"f:125:4:125:13":14,"s:125:22:125:45":46,"s:126:4:130:Infinity":47,"s:133:8:143:21":48,"f:133:30:133:48":15,"s:134:4:142:Infinity":49,"f:134:4:134:13":16,"s:135:19:135:Infinity":50,"s:136:6:140:Infinity":51,"s:141:6:141:Infinity":52,"s:145:8:155:21":53,"f:145:26:145:44":17,"s:146:4:154:Infinity":54,"f:146:4:146:13":18,"s:147:19:147:Infinity":55,"s:148:6:152:Infinity":56,"s:153:6:153:Infinity":57,"s:157:8:167:21":58,"f:157:22:157:40":19,"s:158:4:166:Infinity":59,"f:158:4:158:13":20,"s:159:19:159:Infinity":60,"s:160:6:164:Infinity":61,"s:165:6:165:Infinity":62,"s:169:8:178:8":63,"f:169:19:169:37":21,"s:170:20:170:Infinity":64,"b:171:4:171:Infinity:undefined:undefined:undefined:undefined":11,"s:171:4:171:Infinity":65,"s:171:30:171:Infinity":66,"s:172:4:177:Infinity":67,"f:172:4:172:13":22,"s:173:21:173:Infinity":68,"b:173:63:173:67:173:67:173:Infinity":12,"s:174:6:174:Infinity":69,"s:175:6:175:Infinity":70,"s:176:6:176:Infinity":71,"s:180:8:189:8":72,"f:180:19:180:37":23,"s:181:20:181:Infinity":73,"b:182:4:182:Infinity:undefined:undefined:undefined:undefined":13,"s:182:4:182:Infinity":74,"s:182:30:182:Infinity":75,"s:183:4:188:Infinity":76,"f:183:4:183:13":24,"s:184:21:184:Infinity":77,"b:184:49:184:70:184:70:184:Infinity":14,"s:185:6:185:Infinity":78,"s:186:6:186:Infinity":79,"s:187:6:187:Infinity":80,"s:191:33:200:Infinity":81,"s:202:2:202:Infinity":82}}}
}
